{"/home/travis/build/npmtest/node-npmtest-main-bower-files/test.js":{"path":"/home/travis/build/npmtest/node-npmtest-main-bower-files/test.js","s":{"1":2,"2":2,"3":2,"4":2,"5":2,"6":2,"7":2,"8":1,"9":2,"10":2,"11":1,"12":1,"13":1,"14":1,"15":2,"16":2,"17":2,"18":2,"19":1,"20":1,"21":2,"22":2,"23":2,"24":1,"25":1,"26":1,"27":1,"28":1,"29":1,"30":1,"31":1,"32":1,"33":1,"34":1,"35":1,"36":1,"37":1,"38":1,"39":2,"40":2,"41":1,"42":2,"43":2,"44":1,"45":2,"46":2,"47":1,"48":2,"49":2,"50":1,"51":1,"52":1,"53":1,"54":1},"b":{"1":[2,1,1,1],"2":[1,1,1,1],"3":[1,1],"4":[1,1],"5":[1,1],"6":[1,1],"7":[1,1],"8":[1,1],"9":[1,1],"10":[1,1,1],"11":[1,1],"12":[1,1],"13":[1,1],"14":[1,1],"15":[1,1],"16":[1,1],"17":[1,1]},"f":{"1":2,"2":2,"3":2,"4":2,"5":2,"6":1,"7":1,"8":1,"9":2,"10":2,"11":2,"12":2,"13":1},"fnMap":{"1":{"name":"(anonymous_1)","line":12,"loc":{"start":{"line":12,"column":1},"end":{"line":12,"column":13}}},"2":{"name":"(anonymous_2)","line":19,"loc":{"start":{"line":19,"column":5},"end":{"line":19,"column":17}}},"3":{"name":"(anonymous_3)","line":23,"loc":{"start":{"line":23,"column":24},"end":{"line":23,"column":36}}},"4":{"name":"(anonymous_4)","line":61,"loc":{"start":{"line":61,"column":5},"end":{"line":61,"column":17}}},"5":{"name":"(anonymous_5)","line":82,"loc":{"start":{"line":82,"column":5},"end":{"line":82,"column":17}}},"6":{"name":"(anonymous_6)","line":91,"loc":{"start":{"line":91,"column":77},"end":{"line":94,"column":10}}},"7":{"name":"(anonymous_7)","line":112,"loc":{"start":{"line":112,"column":83},"end":{"line":115,"column":10}},"skip":true},"8":{"name":"(anonymous_8)","line":123,"loc":{"start":{"line":123,"column":77},"end":{"line":126,"column":10}},"skip":true},"9":{"name":"(anonymous_9)","line":139,"loc":{"start":{"line":139,"column":12},"end":{"line":139,"column":40}},"skip":true},"10":{"name":"(anonymous_10)","line":147,"loc":{"start":{"line":147,"column":77},"end":{"line":150,"column":10}},"skip":true},"11":{"name":"(anonymous_11)","line":158,"loc":{"start":{"line":158,"column":83},"end":{"line":161,"column":10}},"skip":true},"12":{"name":"(anonymous_12)","line":169,"loc":{"start":{"line":169,"column":79},"end":{"line":172,"column":10}},"skip":true},"13":{"name":"(anonymous_13)","line":180,"loc":{"start":{"line":180,"column":75},"end":{"line":183,"column":10}},"skip":true}},"statementMap":{"1":{"start":{"line":12,"column":0},"end":{"line":195,"column":5}},"2":{"start":{"line":14,"column":4},"end":{"line":14,"column":14}},"3":{"start":{"line":19,"column":4},"end":{"line":56,"column":9}},"4":{"start":{"line":21,"column":8},"end":{"line":21,"column":19}},"5":{"start":{"line":23,"column":8},"end":{"line":35,"column":13}},"6":{"start":{"line":24,"column":12},"end":{"line":34,"column":13}},"7":{"start":{"line":25,"column":16},"end":{"line":28,"column":30}},"8":{"start":{"line":30,"column":16},"end":{"line":33,"column":27}},"9":{"start":{"line":37,"column":8},"end":{"line":39,"column":21}},"10":{"start":{"line":40,"column":8},"end":{"line":53,"column":9}},"11":{"start":{"line":43,"column":12},"end":{"line":46,"column":14}},"12":{"start":{"line":47,"column":12},"end":{"line":47,"column":18}},"13":{"start":{"line":50,"column":12},"end":{"line":51,"column":33}},"14":{"start":{"line":52,"column":12},"end":{"line":52,"column":18}},"15":{"start":{"line":55,"column":8},"end":{"line":55,"column":35}},"16":{"start":{"line":61,"column":4},"end":{"line":63,"column":9}},"17":{"start":{"line":62,"column":8},"end":{"line":62,"column":15}},"18":{"start":{"line":64,"column":4},"end":{"line":77,"column":5}},"19":{"start":{"line":70,"column":8},"end":{"line":70,"column":14}},"20":{"start":{"line":76,"column":8},"end":{"line":76,"column":14}},"21":{"start":{"line":82,"column":4},"end":{"line":84,"column":9}},"22":{"start":{"line":83,"column":8},"end":{"line":83,"column":15}},"23":{"start":{"line":85,"column":4},"end":{"line":194,"column":5}},"24":{"start":{"line":91,"column":8},"end":{"line":99,"column":10}},"25":{"start":{"line":98,"column":12},"end":{"line":98,"column":35}},"26":{"start":{"line":102,"column":8},"end":{"line":104,"column":63}},"27":{"start":{"line":105,"column":8},"end":{"line":105,"column":14}},"28":{"start":{"line":112,"column":8},"end":{"line":121,"column":10},"skip":true},"29":{"start":{"line":119,"column":12},"end":{"line":119,"column":55},"skip":true},"30":{"start":{"line":120,"column":12},"end":{"line":120,"column":48},"skip":true},"31":{"start":{"line":123,"column":8},"end":{"line":136,"column":10},"skip":true},"32":{"start":{"line":130,"column":12},"end":{"line":130,"column":76},"skip":true},"33":{"start":{"line":131,"column":12},"end":{"line":131,"column":73},"skip":true},"34":{"start":{"line":132,"column":12},"end":{"line":132,"column":74},"skip":true},"35":{"start":{"line":133,"column":12},"end":{"line":133,"column":79},"skip":true},"36":{"start":{"line":134,"column":12},"end":{"line":134,"column":25},"skip":true},"37":{"start":{"line":135,"column":12},"end":{"line":135,"column":45},"skip":true},"38":{"start":{"line":138,"column":8},"end":{"line":145,"column":14},"skip":true},"39":{"start":{"line":143,"column":16},"end":{"line":143,"column":29},"skip":true},"40":{"start":{"line":144,"column":16},"end":{"line":144,"column":55},"skip":true},"41":{"start":{"line":147,"column":8},"end":{"line":156,"column":10},"skip":true},"42":{"start":{"line":154,"column":12},"end":{"line":154,"column":25},"skip":true},"43":{"start":{"line":155,"column":12},"end":{"line":155,"column":45},"skip":true},"44":{"start":{"line":158,"column":8},"end":{"line":167,"column":10},"skip":true},"45":{"start":{"line":165,"column":12},"end":{"line":165,"column":25},"skip":true},"46":{"start":{"line":166,"column":12},"end":{"line":166,"column":48},"skip":true},"47":{"start":{"line":169,"column":8},"end":{"line":178,"column":10},"skip":true},"48":{"start":{"line":176,"column":12},"end":{"line":176,"column":25},"skip":true},"49":{"start":{"line":177,"column":12},"end":{"line":177,"column":46},"skip":true},"50":{"start":{"line":180,"column":8},"end":{"line":189,"column":10},"skip":true},"51":{"start":{"line":187,"column":12},"end":{"line":187,"column":94},"skip":true},"52":{"start":{"line":188,"column":12},"end":{"line":188,"column":48},"skip":true},"53":{"start":{"line":192,"column":8},"end":{"line":192,"column":35},"skip":true},"54":{"start":{"line":193,"column":8},"end":{"line":193,"column":14},"skip":true}},"branchMap":{"1":{"line":25,"type":"binary-expr","locations":[{"start":{"line":25,"column":23},"end":{"line":25,"column":62}},{"start":{"line":26,"column":20},"end":{"line":26,"column":70}},{"start":{"line":27,"column":20},"end":{"line":27,"column":71}},{"start":{"line":28,"column":20},"end":{"line":28,"column":29}}]},"2":{"line":30,"type":"binary-expr","locations":[{"start":{"line":30,"column":23},"end":{"line":30,"column":37}},{"start":{"line":31,"column":20},"end":{"line":31,"column":61}},{"start":{"line":32,"column":20},"end":{"line":32,"column":70}},{"start":{"line":33,"column":20},"end":{"line":33,"column":26}}]},"3":{"line":37,"type":"cond-expr","locations":[{"start":{"line":38,"column":14},"end":{"line":38,"column":20}},{"start":{"line":39,"column":14},"end":{"line":39,"column":20}}]},"4":{"line":40,"type":"switch","locations":[{"start":{"line":42,"column":8},"end":{"line":47,"column":18}},{"start":{"line":49,"column":8},"end":{"line":52,"column":18}}]},"5":{"line":44,"type":"binary-expr","locations":[{"start":{"line":44,"column":16},"end":{"line":44,"column":44}},{"start":{"line":44,"column":48},"end":{"line":44,"column":66}}]},"6":{"line":50,"type":"binary-expr","locations":[{"start":{"line":50,"column":21},"end":{"line":50,"column":49}},{"start":{"line":50,"column":53},"end":{"line":50,"column":72}}]},"7":{"line":64,"type":"switch","locations":[{"start":{"line":69,"column":4},"end":{"line":70,"column":14}},{"start":{"line":75,"column":4},"end":{"line":76,"column":14}}]},"8":{"line":85,"type":"switch","locations":[{"start":{"line":90,"column":4},"end":{"line":105,"column":14}},{"start":{"line":111,"column":4},"end":{"line":193,"column":14},"skip":true}]},"9":{"line":91,"type":"binary-expr","locations":[{"start":{"line":91,"column":42},"end":{"line":91,"column":73}},{"start":{"line":91,"column":77},"end":{"line":99,"column":9}}]},"10":{"line":102,"type":"binary-expr","locations":[{"start":{"line":102,"column":18},"end":{"line":102,"column":32}},{"start":{"line":103,"column":12},"end":{"line":103,"column":53}},{"start":{"line":104,"column":12},"end":{"line":104,"column":61}}]},"11":{"line":112,"type":"binary-expr","locations":[{"start":{"line":112,"column":45},"end":{"line":112,"column":79},"skip":true},{"start":{"line":112,"column":83},"end":{"line":121,"column":9},"skip":true}]},"12":{"line":123,"type":"binary-expr","locations":[{"start":{"line":123,"column":42},"end":{"line":123,"column":73},"skip":true},{"start":{"line":123,"column":77},"end":{"line":136,"column":9},"skip":true}]},"13":{"line":138,"type":"binary-expr","locations":[{"start":{"line":138,"column":48},"end":{"line":138,"column":85},"skip":true},{"start":{"line":139,"column":12},"end":{"line":145,"column":13},"skip":true}]},"14":{"line":147,"type":"binary-expr","locations":[{"start":{"line":147,"column":42},"end":{"line":147,"column":73},"skip":true},{"start":{"line":147,"column":77},"end":{"line":156,"column":9},"skip":true}]},"15":{"line":158,"type":"binary-expr","locations":[{"start":{"line":158,"column":45},"end":{"line":158,"column":79},"skip":true},{"start":{"line":158,"column":83},"end":{"line":167,"column":9},"skip":true}]},"16":{"line":169,"type":"binary-expr","locations":[{"start":{"line":169,"column":43},"end":{"line":169,"column":75},"skip":true},{"start":{"line":169,"column":79},"end":{"line":178,"column":9},"skip":true}]},"17":{"line":180,"type":"binary-expr","locations":[{"start":{"line":180,"column":41},"end":{"line":180,"column":71},"skip":true},{"start":{"line":180,"column":75},"end":{"line":189,"column":9},"skip":true}]}},"code":["/* istanbul instrument in package npmtest_main_bower_files */","/*jslint","    bitwise: true,","    browser: true,","    maxerr: 8,","    maxlen: 96,","    node: true,","    nomen: true,","    regexp: true,","    stupid: true","*/","(function () {","    'use strict';","    var local;","","","","    // run shared js-env code - init-before","    (function () {","        // init local","        local = {};","        // init modeJs","        local.modeJs = (function () {","            try {","                return typeof navigator.userAgent === 'string' &&","                    typeof document.querySelector('body') === 'object' &&","                    typeof XMLHttpRequest.prototype.open === 'function' &&","                    'browser';","            } catch (errorCaughtBrowser) {","                return module.exports &&","                    typeof process.versions.node === 'string' &&","                    typeof require('http').createServer === 'function' &&","                    'node';","            }","        }());","        // init global","        local.global = local.modeJs === 'browser'","            ? window","            : global;","        switch (local.modeJs) {","        // re-init local from window.local","        case 'browser':","            local = local.global.utility2.objectSetDefault(","                local.global.utility2_rollup || local.global.local,","                local.global.utility2","            );","            break;","        // re-init local from example.js","        case 'node':","            local = (local.global.utility2_rollup || require('utility2'))","                .requireReadme();","            break;","        }","        // export local","        local.global.local = local;","    }());","","","","    // run shared js-env code - function","    (function () {","        return;","    }());","    switch (local.modeJs) {","","","","    // run browser js-env code - function","    case 'browser':","        break;","","","","    // run node js-env code - function","    case 'node':","        break;","    }","","","","    // run shared js-env code - init-after","    (function () {","        return;","    }());","    switch (local.modeJs) {","","","","    // run browser js-env code - init-after","    case 'browser':","        local.testCase_browser_nullCase = local.testCase_browser_nullCase || function (","            options,","            onError","        ) {","        /*","         * this function will test browsers's null-case handling-behavior-behavior","         */","            onError(null, options);","        };","","        // run tests","        local.nop(local.modeTest &&","            document.querySelector('#testRunButton1') &&","            document.querySelector('#testRunButton1').click());","        break;","","","","    // run node js-env code - init-after","    /* istanbul ignore next */","    case 'node':","        local.testCase_buildApidoc_default = local.testCase_buildApidoc_default || function (","            options,","            onError","        ) {","        /*","         * this function will test buildApidoc's default handling-behavior-behavior","         */","            options = { modulePathList: module.paths };","            local.buildApidoc(options, onError);","        };","","        local.testCase_buildApp_default = local.testCase_buildApp_default || function (","            options,","            onError","        ) {","        /*","         * this function will test buildApp's default handling-behavior-behavior","         */","            local.testCase_buildReadme_default(options, local.onErrorThrow);","            local.testCase_buildLib_default(options, local.onErrorThrow);","            local.testCase_buildTest_default(options, local.onErrorThrow);","            local.testCase_buildCustomOrg_default(options, local.onErrorThrow);","            options = [];","            local.buildApp(options, onError);","        };","","        local.testCase_buildCustomOrg_default = local.testCase_buildCustomOrg_default ||","            function (options, onError) {","            /*","             * this function will test buildCustomOrg's default handling-behavior","             */","                options = {};","                local.buildCustomOrg(options, onError);","            };","","        local.testCase_buildLib_default = local.testCase_buildLib_default || function (","            options,","            onError","        ) {","        /*","         * this function will test buildLib's default handling-behavior","         */","            options = {};","            local.buildLib(options, onError);","        };","","        local.testCase_buildReadme_default = local.testCase_buildReadme_default || function (","            options,","            onError","        ) {","        /*","         * this function will test buildReadme's default handling-behavior-behavior","         */","            options = {};","            local.buildReadme(options, onError);","        };","","        local.testCase_buildTest_default = local.testCase_buildTest_default || function (","            options,","            onError","        ) {","        /*","         * this function will test buildTest's default handling-behavior","         */","            options = {};","            local.buildTest(options, onError);","        };","","        local.testCase_webpage_default = local.testCase_webpage_default || function (","            options,","            onError","        ) {","        /*","         * this function will test webpage's default handling-behavior","         */","            options = { modeCoverageMerge: true, url: local.serverLocalHost + '?modeTest=1' };","            local.browserTest(options, onError);","        };","","        // run test-server","        local.testRunServer(local);","        break;","    }","}());",""],"l":{"12":2,"14":2,"19":2,"21":2,"23":2,"24":2,"25":2,"30":1,"37":2,"40":2,"43":1,"47":1,"50":1,"52":1,"55":2,"61":2,"62":2,"64":2,"70":1,"76":1,"82":2,"83":2,"85":2,"91":1,"98":1,"102":1,"105":1,"112":1,"119":1,"120":1,"123":1,"130":1,"131":1,"132":1,"133":1,"134":1,"135":1,"138":1,"143":2,"144":2,"147":1,"154":2,"155":2,"158":1,"165":2,"166":2,"169":1,"176":2,"177":2,"180":1,"187":1,"188":1,"192":1,"193":1}},"/home/travis/build/npmtest/node-npmtest-main-bower-files/lib.npmtest_main_bower_files.js":{"path":"/home/travis/build/npmtest/node-npmtest-main-bower-files/lib.npmtest_main_bower_files.js","s":{"1":2,"2":2,"3":2,"4":2,"5":2,"6":2,"7":2,"8":1,"9":2,"10":2,"11":2,"12":2,"13":1,"14":1,"15":1,"16":1},"b":{"1":[2,1,1,1],"2":[1,1,1,1],"3":[1,1],"4":[2,2],"5":[1,1]},"f":{"1":2,"2":2,"3":2},"fnMap":{"1":{"name":"(anonymous_1)","line":12,"loc":{"start":{"line":12,"column":1},"end":{"line":12,"column":13}}},"2":{"name":"(anonymous_2)","line":19,"loc":{"start":{"line":19,"column":5},"end":{"line":19,"column":17}}},"3":{"name":"(anonymous_3)","line":23,"loc":{"start":{"line":23,"column":24},"end":{"line":23,"column":36}}}},"statementMap":{"1":{"start":{"line":12,"column":0},"end":{"line":53,"column":5}},"2":{"start":{"line":14,"column":4},"end":{"line":14,"column":14}},"3":{"start":{"line":19,"column":4},"end":{"line":52,"column":9}},"4":{"start":{"line":21,"column":8},"end":{"line":21,"column":19}},"5":{"start":{"line":23,"column":8},"end":{"line":35,"column":13}},"6":{"start":{"line":24,"column":12},"end":{"line":34,"column":13}},"7":{"start":{"line":25,"column":16},"end":{"line":28,"column":30}},"8":{"start":{"line":30,"column":16},"end":{"line":33,"column":27}},"9":{"start":{"line":37,"column":8},"end":{"line":39,"column":21}},"10":{"start":{"line":41,"column":8},"end":{"line":41,"column":54}},"11":{"start":{"line":43,"column":8},"end":{"line":43,"column":61}},"12":{"start":{"line":45,"column":8},"end":{"line":51,"column":9}},"13":{"start":{"line":46,"column":12},"end":{"line":46,"column":67}},"14":{"start":{"line":48,"column":12},"end":{"line":48,"column":35}},"15":{"start":{"line":49,"column":12},"end":{"line":49,"column":49}},"16":{"start":{"line":50,"column":12},"end":{"line":50,"column":43}}},"branchMap":{"1":{"line":25,"type":"binary-expr","locations":[{"start":{"line":25,"column":23},"end":{"line":25,"column":62}},{"start":{"line":26,"column":20},"end":{"line":26,"column":70}},{"start":{"line":27,"column":20},"end":{"line":27,"column":71}},{"start":{"line":28,"column":20},"end":{"line":28,"column":29}}]},"2":{"line":30,"type":"binary-expr","locations":[{"start":{"line":30,"column":23},"end":{"line":30,"column":37}},{"start":{"line":31,"column":20},"end":{"line":31,"column":61}},{"start":{"line":32,"column":20},"end":{"line":32,"column":70}},{"start":{"line":33,"column":20},"end":{"line":33,"column":26}}]},"3":{"line":37,"type":"cond-expr","locations":[{"start":{"line":38,"column":14},"end":{"line":38,"column":20}},{"start":{"line":39,"column":14},"end":{"line":39,"column":20}}]},"4":{"line":41,"type":"binary-expr","locations":[{"start":{"line":41,"column":16},"end":{"line":41,"column":44}},{"start":{"line":41,"column":48},"end":{"line":41,"column":53}}]},"5":{"line":45,"type":"if","locations":[{"start":{"line":45,"column":8},"end":{"line":45,"column":8}},{"start":{"line":45,"column":8},"end":{"line":45,"column":8}}]}},"code":["/* istanbul instrument in package npmtest_main_bower_files */","/*jslint","    bitwise: true,","    browser: true,","    maxerr: 8,","    maxlen: 96,","    node: true,","    nomen: true,","    regexp: true,","    stupid: true","*/","(function () {","    'use strict';","    var local;","","","","    // run shared js-env code - init-before","    (function () {","        // init local","        local = {};","        // init modeJs","        local.modeJs = (function () {","            try {","                return typeof navigator.userAgent === 'string' &&","                    typeof document.querySelector('body') === 'object' &&","                    typeof XMLHttpRequest.prototype.open === 'function' &&","                    'browser';","            } catch (errorCaughtBrowser) {","                return module.exports &&","                    typeof process.versions.node === 'string' &&","                    typeof require('http').createServer === 'function' &&","                    'node';","            }","        }());","        // init global","        local.global = local.modeJs === 'browser'","            ? window","            : global;","        // init utility2_rollup","        local = local.global.utility2_rollup || local;","        // init lib","        local.local = local.npmtest_main_bower_files = local;","        // init exports","        if (local.modeJs === 'browser') {","            local.global.utility2_npmtest_main_bower_files = local;","        } else {","            module.exports = local;","            module.exports.__dirname = __dirname;","            module.exports.module = module;","        }","    }());","}());",""],"l":{"12":2,"14":2,"19":2,"21":2,"23":2,"24":2,"25":2,"30":1,"37":2,"41":2,"43":2,"45":2,"46":1,"48":1,"49":1,"50":1}},"/home/travis/build/npmtest/node-npmtest-main-bower-files/example.js":{"path":"/home/travis/build/npmtest/node-npmtest-main-bower-files/example.js","s":{"1":2,"2":2,"3":2,"4":2,"5":2,"6":2,"7":2,"8":1,"9":2,"10":2,"11":2,"12":2,"13":1,"14":2,"15":2,"16":2,"17":2,"18":2,"19":0,"20":2,"21":1,"22":1,"23":1,"24":1,"25":1,"26":0,"27":0,"28":1,"29":1,"30":2,"31":0,"32":0,"33":0,"34":1,"35":2,"36":2,"37":3,"38":3,"39":3,"40":3,"41":0,"42":3,"43":3,"44":3,"45":1,"46":3,"47":1,"48":1,"49":1,"50":1,"51":1,"52":1,"53":1,"54":1,"55":1,"56":1,"57":0,"58":1,"59":6,"60":6,"61":1,"62":2,"63":0,"64":2,"65":1,"66":1,"67":0,"68":0,"69":0,"70":0,"71":0,"72":0,"73":0,"74":0,"75":0,"76":0,"77":0,"78":0,"79":0,"80":0,"81":0,"82":0,"83":0},"b":{"1":[2,1,1,1],"2":[1,1,1,1],"3":[1,1],"4":[2,2],"5":[1,1],"6":[1,1],"7":[2,0],"8":[2,1,1,1,1,1],"9":[0,2,0],"10":[1,1],"11":[2,1,1],"12":[1,0],"13":[0,2],"14":[2,0,0,0,0,0,0],"15":[0,3],"16":[3,0],"17":[1,1],"18":[0,1],"19":[1,2,0,2],"20":[1,0],"21":[1,1],"22":[0,0],"23":[0,0],"24":[0,0],"25":[0,0],"26":[0,0],"27":[0,0],"28":[0,0]},"f":{"1":2,"2":2,"3":2,"4":2,"5":2,"6":2,"7":3,"8":3,"9":3,"10":1,"11":6,"12":0},"fnMap":{"1":{"name":"(anonymous_1)","line":26,"loc":{"start":{"line":26,"column":1},"end":{"line":26,"column":13}}},"2":{"name":"(anonymous_2)","line":33,"loc":{"start":{"line":33,"column":5},"end":{"line":33,"column":17}}},"3":{"name":"(anonymous_3)","line":37,"loc":{"start":{"line":37,"column":24},"end":{"line":37,"column":36}}},"4":{"name":"(anonymous_4)","line":69,"loc":{"start":{"line":69,"column":31},"end":{"line":69,"column":48}},"skip":true},"5":{"name":"(anonymous_5)","line":78,"loc":{"start":{"line":78,"column":26},"end":{"line":78,"column":45}},"skip":true},"6":{"name":"(anonymous_6)","line":123,"loc":{"start":{"line":123,"column":33},"end":{"line":123,"column":48}},"skip":true},"7":{"name":"(anonymous_7)","line":125,"loc":{"start":{"line":125,"column":27},"end":{"line":125,"column":39}},"skip":true},"8":{"name":"(anonymous_8)","line":133,"loc":{"start":{"line":133,"column":59},"end":{"line":133,"column":74}},"skip":true},"9":{"name":"(anonymous_9)","line":143,"loc":{"start":{"line":143,"column":45},"end":{"line":143,"column":62}},"skip":true},"10":{"name":"(anonymous_10)","line":144,"loc":{"start":{"line":144,"column":73},"end":{"line":144,"column":92}},"skip":true},"11":{"name":"(anonymous_11)","line":272,"loc":{"start":{"line":272,"column":51},"end":{"line":272,"column":77}},"skip":true},"12":{"name":"(anonymous_12)","line":315,"loc":{"start":{"line":315,"column":32},"end":{"line":315,"column":61}},"skip":true}},"statementMap":{"1":{"start":{"line":26,"column":0},"end":{"line":326,"column":5}},"2":{"start":{"line":28,"column":4},"end":{"line":28,"column":14}},"3":{"start":{"line":33,"column":4},"end":{"line":60,"column":9}},"4":{"start":{"line":35,"column":8},"end":{"line":35,"column":19}},"5":{"start":{"line":37,"column":8},"end":{"line":49,"column":13}},"6":{"start":{"line":38,"column":12},"end":{"line":48,"column":13}},"7":{"start":{"line":39,"column":16},"end":{"line":42,"column":30}},"8":{"start":{"line":44,"column":16},"end":{"line":47,"column":27}},"9":{"start":{"line":51,"column":8},"end":{"line":53,"column":21}},"10":{"start":{"line":55,"column":8},"end":{"line":57,"column":45}},"11":{"start":{"line":59,"column":8},"end":{"line":59,"column":35}},"12":{"start":{"line":61,"column":4},"end":{"line":325,"column":5}},"13":{"start":{"line":69,"column":8},"end":{"line":121,"column":10},"skip":true},"14":{"start":{"line":70,"column":12},"end":{"line":88,"column":13},"skip":true},"15":{"start":{"line":76,"column":16},"end":{"line":87,"column":19},"skip":true},"16":{"start":{"line":79,"column":20},"end":{"line":86,"column":21},"skip":true},"17":{"start":{"line":82,"column":24},"end":{"line":82,"column":43},"skip":true},"18":{"start":{"line":83,"column":24},"end":{"line":83,"column":30},"skip":true},"19":{"start":{"line":85,"column":24},"end":{"line":85,"column":49},"skip":true},"20":{"start":{"line":89,"column":12},"end":{"line":107,"column":13},"skip":true},"21":{"start":{"line":92,"column":16},"end":{"line":102,"column":17},"skip":true},"22":{"start":{"line":93,"column":20},"end":{"line":93,"column":86},"skip":true},"23":{"start":{"line":94,"column":20},"end":{"line":95,"column":45},"skip":true},"24":{"start":{"line":96,"column":20},"end":{"line":96,"column":42},"skip":true},"25":{"start":{"line":97,"column":20},"end":{"line":97,"column":48},"skip":true},"26":{"start":{"line":100,"column":20},"end":{"line":100,"column":85},"skip":true},"27":{"start":{"line":101,"column":20},"end":{"line":101,"column":96},"skip":true},"28":{"start":{"line":103,"column":16},"end":{"line":103,"column":22},"skip":true},"29":{"start":{"line":106,"column":16},"end":{"line":106,"column":22},"skip":true},"30":{"start":{"line":108,"column":12},"end":{"line":120,"column":13},"skip":true},"31":{"start":{"line":114,"column":16},"end":{"line":119,"column":17},"skip":true},"32":{"start":{"line":116,"column":20},"end":{"line":116,"column":78},"skip":true},"33":{"start":{"line":118,"column":20},"end":{"line":118,"column":47},"skip":true},"34":{"start":{"line":123,"column":8},"end":{"line":141,"column":11},"skip":true},"35":{"start":{"line":124,"column":12},"end":{"line":124,"column":54},"skip":true},"36":{"start":{"line":125,"column":12},"end":{"line":140,"column":14},"skip":true},"37":{"start":{"line":126,"column":16},"end":{"line":126,"column":28},"skip":true},"38":{"start":{"line":127,"column":16},"end":{"line":127,"column":69},"skip":true},"39":{"start":{"line":128,"column":16},"end":{"line":128,"column":75},"skip":true},"40":{"start":{"line":129,"column":16},"end":{"line":131,"column":17},"skip":true},"41":{"start":{"line":130,"column":20},"end":{"line":130,"column":27},"skip":true},"42":{"start":{"line":133,"column":16},"end":{"line":137,"column":36},"skip":true},"43":{"start":{"line":134,"column":20},"end":{"line":136,"column":55},"skip":true},"44":{"start":{"line":139,"column":16},"end":{"line":139,"column":57},"skip":true},"45":{"start":{"line":143,"column":8},"end":{"line":147,"column":11},"skip":true},"46":{"start":{"line":144,"column":12},"end":{"line":146,"column":15},"skip":true},"47":{"start":{"line":145,"column":16},"end":{"line":145,"column":70},"skip":true},"48":{"start":{"line":149,"column":8},"end":{"line":149,"column":31},"skip":true},"49":{"start":{"line":150,"column":8},"end":{"line":150,"column":14},"skip":true},"50":{"start":{"line":158,"column":8},"end":{"line":158,"column":31},"skip":true},"51":{"start":{"line":160,"column":8},"end":{"line":160,"column":33},"skip":true},"52":{"start":{"line":161,"column":8},"end":{"line":161,"column":37},"skip":true},"53":{"start":{"line":162,"column":8},"end":{"line":162,"column":35},"skip":true},"54":{"start":{"line":164,"column":8},"end":{"line":164,"column":50},"skip":true},"55":{"start":{"line":166,"column":8},"end":{"line":256,"column":2},"skip":true},"56":{"start":{"line":258,"column":8},"end":{"line":286,"column":9},"skip":true},"57":{"start":{"line":259,"column":12},"end":{"line":269,"column":14},"skip":true},"58":{"start":{"line":271,"column":12},"end":{"line":285,"column":19},"skip":true},"59":{"start":{"line":274,"column":20},"end":{"line":274,"column":35},"skip":true},"60":{"start":{"line":275,"column":20},"end":{"line":284,"column":21},"skip":true},"61":{"start":{"line":277,"column":24},"end":{"line":277,"column":64},"skip":true},"62":{"start":{"line":279,"column":24},"end":{"line":279,"column":40},"skip":true},"63":{"start":{"line":281,"column":24},"end":{"line":281,"column":40},"skip":true},"64":{"start":{"line":283,"column":24},"end":{"line":283,"column":39},"skip":true},"65":{"start":{"line":288,"column":8},"end":{"line":290,"column":9},"skip":true},"66":{"start":{"line":289,"column":12},"end":{"line":289,"column":18},"skip":true},"67":{"start":{"line":291,"column":8},"end":{"line":293,"column":54},"skip":true},"68":{"start":{"line":296,"column":8},"end":{"line":301,"column":37},"skip":true},"69":{"start":{"line":303,"column":8},"end":{"line":303,"column":82},"skip":true},"70":{"start":{"line":306,"column":8},"end":{"line":308,"column":9},"skip":true},"71":{"start":{"line":307,"column":12},"end":{"line":307,"column":82},"skip":true},"72":{"start":{"line":310,"column":8},"end":{"line":312,"column":9},"skip":true},"73":{"start":{"line":311,"column":12},"end":{"line":311,"column":18},"skip":true},"74":{"start":{"line":313,"column":8},"end":{"line":313,"column":54},"skip":true},"75":{"start":{"line":314,"column":8},"end":{"line":314,"column":69},"skip":true},"76":{"start":{"line":315,"column":8},"end":{"line":323,"column":36},"skip":true},"77":{"start":{"line":316,"column":12},"end":{"line":316,"column":61},"skip":true},"78":{"start":{"line":317,"column":12},"end":{"line":320,"column":13},"skip":true},"79":{"start":{"line":318,"column":16},"end":{"line":318,"column":75},"skip":true},"80":{"start":{"line":319,"column":16},"end":{"line":319,"column":23},"skip":true},"81":{"start":{"line":321,"column":12},"end":{"line":321,"column":38},"skip":true},"82":{"start":{"line":322,"column":12},"end":{"line":322,"column":27},"skip":true},"83":{"start":{"line":324,"column":8},"end":{"line":324,"column":14},"skip":true}},"branchMap":{"1":{"line":39,"type":"binary-expr","locations":[{"start":{"line":39,"column":23},"end":{"line":39,"column":62}},{"start":{"line":40,"column":20},"end":{"line":40,"column":70}},{"start":{"line":41,"column":20},"end":{"line":41,"column":71}},{"start":{"line":42,"column":20},"end":{"line":42,"column":29}}]},"2":{"line":44,"type":"binary-expr","locations":[{"start":{"line":44,"column":23},"end":{"line":44,"column":37}},{"start":{"line":45,"column":20},"end":{"line":45,"column":61}},{"start":{"line":46,"column":20},"end":{"line":46,"column":70}},{"start":{"line":47,"column":20},"end":{"line":47,"column":26}}]},"3":{"line":51,"type":"cond-expr","locations":[{"start":{"line":52,"column":14},"end":{"line":52,"column":20}},{"start":{"line":53,"column":14},"end":{"line":53,"column":20}}]},"4":{"line":55,"type":"binary-expr","locations":[{"start":{"line":55,"column":16},"end":{"line":55,"column":44}},{"start":{"line":55,"column":49},"end":{"line":57,"column":43}}]},"5":{"line":55,"type":"cond-expr","locations":[{"start":{"line":56,"column":14},"end":{"line":56,"column":60}},{"start":{"line":57,"column":14},"end":{"line":57,"column":43}}]},"6":{"line":61,"type":"switch","locations":[{"start":{"line":68,"column":4},"end":{"line":150,"column":14},"skip":true},{"start":{"line":156,"column":4},"end":{"line":324,"column":14},"skip":true}]},"7":{"line":70,"type":"if","locations":[{"start":{"line":70,"column":12},"end":{"line":70,"column":12},"skip":true},{"start":{"line":70,"column":12},"end":{"line":70,"column":12},"skip":true}]},"8":{"line":70,"type":"binary-expr","locations":[{"start":{"line":70,"column":16},"end":{"line":70,"column":22},"skip":true},{"start":{"line":70,"column":27},"end":{"line":70,"column":32},"skip":true},{"start":{"line":71,"column":20},"end":{"line":71,"column":39},"skip":true},{"start":{"line":72,"column":20},"end":{"line":72,"column":49},"skip":true},{"start":{"line":73,"column":20},"end":{"line":73,"column":58},"skip":true},{"start":{"line":74,"column":20},"end":{"line":74,"column":69},"skip":true}]},"9":{"line":79,"type":"switch","locations":[{"start":{"line":80,"column":20},"end":{"line":80,"column":33},"skip":true},{"start":{"line":81,"column":20},"end":{"line":83,"column":30},"skip":true},{"start":{"line":84,"column":20},"end":{"line":85,"column":49},"skip":true}]},"10":{"line":89,"type":"switch","locations":[{"start":{"line":90,"column":12},"end":{"line":103,"column":22},"skip":true},{"start":{"line":105,"column":12},"end":{"line":106,"column":22},"skip":true}]},"11":{"line":89,"type":"binary-expr","locations":[{"start":{"line":89,"column":20},"end":{"line":89,"column":25},"skip":true},{"start":{"line":89,"column":29},"end":{"line":89,"column":48},"skip":true},{"start":{"line":89,"column":52},"end":{"line":89,"column":74},"skip":true}]},"12":{"line":92,"type":"if","locations":[{"start":{"line":92,"column":16},"end":{"line":92,"column":16},"skip":true},{"start":{"line":92,"column":16},"end":{"line":92,"column":16},"skip":true}]},"13":{"line":108,"type":"if","locations":[{"start":{"line":108,"column":12},"end":{"line":108,"column":12},"skip":true},{"start":{"line":108,"column":12},"end":{"line":108,"column":12},"skip":true}]},"14":{"line":108,"type":"binary-expr","locations":[{"start":{"line":108,"column":16},"end":{"line":108,"column":61},"skip":true},{"start":{"line":108,"column":66},"end":{"line":108,"column":72},"skip":true},{"start":{"line":108,"column":77},"end":{"line":108,"column":82},"skip":true},{"start":{"line":109,"column":20},"end":{"line":109,"column":39},"skip":true},{"start":{"line":110,"column":20},"end":{"line":110,"column":49},"skip":true},{"start":{"line":111,"column":20},"end":{"line":111,"column":58},"skip":true},{"start":{"line":112,"column":20},"end":{"line":112,"column":68},"skip":true}]},"15":{"line":129,"type":"if","locations":[{"start":{"line":129,"column":16},"end":{"line":129,"column":16},"skip":true},{"start":{"line":129,"column":16},"end":{"line":129,"column":16},"skip":true}]},"16":{"line":134,"type":"cond-expr","locations":[{"start":{"line":135,"column":26},"end":{"line":135,"column":29},"skip":true},{"start":{"line":136,"column":26},"end":{"line":136,"column":54},"skip":true}]},"17":{"line":164,"type":"binary-expr","locations":[{"start":{"line":164,"column":27},"end":{"line":164,"column":43},"skip":true},{"start":{"line":164,"column":47},"end":{"line":164,"column":49},"skip":true}]},"18":{"line":258,"type":"if","locations":[{"start":{"line":258,"column":8},"end":{"line":258,"column":8},"skip":true},{"start":{"line":258,"column":8},"end":{"line":258,"column":8},"skip":true}]},"19":{"line":275,"type":"switch","locations":[{"start":{"line":276,"column":20},"end":{"line":277,"column":64},"skip":true},{"start":{"line":278,"column":20},"end":{"line":279,"column":40},"skip":true},{"start":{"line":280,"column":20},"end":{"line":281,"column":40},"skip":true},{"start":{"line":282,"column":20},"end":{"line":283,"column":39},"skip":true}]},"20":{"line":288,"type":"if","locations":[{"start":{"line":288,"column":8},"end":{"line":288,"column":8},"skip":true},{"start":{"line":288,"column":8},"end":{"line":288,"column":8},"skip":true}]},"21":{"line":288,"type":"binary-expr","locations":[{"start":{"line":288,"column":12},"end":{"line":288,"column":40},"skip":true},{"start":{"line":288,"column":44},"end":{"line":288,"column":67},"skip":true}]},"22":{"line":292,"type":"binary-expr","locations":[{"start":{"line":292,"column":12},"end":{"line":292,"column":50},"skip":true},{"start":{"line":293,"column":12},"end":{"line":293,"column":53},"skip":true}]},"23":{"line":297,"type":"binary-expr","locations":[{"start":{"line":297,"column":12},"end":{"line":297,"column":74},"skip":true},{"start":{"line":298,"column":12},"end":{"line":301,"column":36},"skip":true}]},"24":{"line":303,"type":"binary-expr","locations":[{"start":{"line":303,"column":43},"end":{"line":303,"column":75},"skip":true},{"start":{"line":303,"column":79},"end":{"line":303,"column":81},"skip":true}]},"25":{"line":306,"type":"if","locations":[{"start":{"line":306,"column":8},"end":{"line":306,"column":8},"skip":true},{"start":{"line":306,"column":8},"end":{"line":306,"column":8},"skip":true}]},"26":{"line":310,"type":"if","locations":[{"start":{"line":310,"column":8},"end":{"line":310,"column":8},"skip":true},{"start":{"line":310,"column":8},"end":{"line":310,"column":8},"skip":true}]},"27":{"line":313,"type":"binary-expr","locations":[{"start":{"line":313,"column":27},"end":{"line":313,"column":43},"skip":true},{"start":{"line":313,"column":47},"end":{"line":313,"column":53},"skip":true}]},"28":{"line":317,"type":"if","locations":[{"start":{"line":317,"column":12},"end":{"line":317,"column":12},"skip":true},{"start":{"line":317,"column":12},"end":{"line":317,"column":12},"skip":true}]}},"code":["/*","example.js","","quickstart example","","instruction","    1. save this script as example.js","    2. run the shell command:","        $ npm install npmtest-main-bower-files && PORT=8081 node example.js","    3. play with the browser-demo on http://127.0.0.1:8081","*/","","","","/* istanbul instrument in package npmtest_main_bower_files */","/*jslint","    bitwise: true,","    browser: true,","    maxerr: 8,","    maxlen: 96,","    node: true,","    nomen: true,","    regexp: true,","    stupid: true","*/","(function () {","    'use strict';","    var local;","","","","    // run shared js-env code - init-before","    (function () {","        // init local","        local = {};","        // init modeJs","        local.modeJs = (function () {","            try {","                return typeof navigator.userAgent === 'string' &&","                    typeof document.querySelector('body') === 'object' &&","                    typeof XMLHttpRequest.prototype.open === 'function' &&","                    'browser';","            } catch (errorCaughtBrowser) {","                return module.exports &&","                    typeof process.versions.node === 'string' &&","                    typeof require('http').createServer === 'function' &&","                    'node';","            }","        }());","        // init global","        local.global = local.modeJs === 'browser'","            ? window","            : global;","        // init utility2_rollup","        local = local.global.utility2_rollup || (local.modeJs === 'browser'","            ? local.global.utility2_npmtest_main_bower_files","            : global.utility2_moduleExports);","        // export local","        local.global.local = local;","    }());","    switch (local.modeJs) {","","","","    // init-after","    // run browser js-env code - init-after","    /* istanbul ignore next */","    case 'browser':","        local.testRunBrowser = function (event) {","            if (!event || (event &&","                    event.currentTarget &&","                    event.currentTarget.className &&","                    event.currentTarget.className.includes &&","                    event.currentTarget.className.includes('onreset'))) {","                // reset output","                Array.from(","                    document.querySelectorAll('body > .resettable')","                ).forEach(function (element) {","                    switch (element.tagName) {","                    case 'INPUT':","                    case 'TEXTAREA':","                        element.value = '';","                        break;","                    default:","                        element.textContent = '';","                    }","                });","            }","            switch (event && event.currentTarget && event.currentTarget.id) {","            case 'testRunButton1':","                // show tests","                if (document.querySelector('#testReportDiv1').style.display === 'none') {","                    document.querySelector('#testReportDiv1').style.display = 'block';","                    document.querySelector('#testRunButton1').textContent =","                        'hide internal test';","                    local.modeTest = true;","                    local.testRunDefault(local);","                // hide tests","                } else {","                    document.querySelector('#testReportDiv1').style.display = 'none';","                    document.querySelector('#testRunButton1').textContent = 'run internal test';","                }","                break;","            // custom-case","            default:","                break;","            }","            if (document.querySelector('#inputTextareaEval1') && (!event || (event &&","                    event.currentTarget &&","                    event.currentTarget.className &&","                    event.currentTarget.className.includes &&","                    event.currentTarget.className.includes('oneval')))) {","                // try to eval input-code","                try {","                    /*jslint evil: true*/","                    eval(document.querySelector('#inputTextareaEval1').value);","                } catch (errorCaught) {","                    console.error(errorCaught);","                }","            }","        };","        // log stderr and stdout to #outputTextareaStdout1","        ['error', 'log'].forEach(function (key) {","            console[key + '_original'] = console[key];","            console[key] = function () {","                var element;","                console[key + '_original'].apply(console, arguments);","                element = document.querySelector('#outputTextareaStdout1');","                if (!element) {","                    return;","                }","                // append text to #outputTextareaStdout1","                element.value += Array.from(arguments).map(function (arg) {","                    return typeof arg === 'string'","                        ? arg","                        : JSON.stringify(arg, null, 4);","                }).join(' ') + '\\n';","                // scroll textarea to bottom","                element.scrollTop = element.scrollHeight;","            };","        });","        // init event-handling","        ['change', 'click', 'keyup'].forEach(function (event) {","            Array.from(document.querySelectorAll('.on' + event)).forEach(function (element) {","                element.addEventListener(event, local.testRunBrowser);","            });","        });","        // run tests","        local.testRunBrowser();","        break;","","","","    // run node js-env code - init-after","    /* istanbul ignore next */","    case 'node':","        // export local","        module.exports = local;","        // require modules","        local.fs = require('fs');","        local.http = require('http');","        local.url = require('url');","        // init assets","        local.assetsDict = local.assetsDict || {};","        /* jslint-ignore-begin */","        local.assetsDict['/assets.index.template.html'] = '\\","<!doctype html>\\n\\","<html lang=\"en\">\\n\\","<head>\\n\\","<meta charset=\"UTF-8\">\\n\\","<meta name=\"viewport\" content=\"width=device-width, initial-scale=1\">\\n\\","<title>{{env.npm_package_name}} (v{{env.npm_package_version}})</title>\\n\\","<style>\\n\\","/*csslint\\n\\","    box-sizing: false,\\n\\","    universal-selector: false\\n\\","*/\\n\\","* {\\n\\","    box-sizing: border-box;\\n\\","}\\n\\","body {\\n\\","    background: #dde;\\n\\","    font-family: Arial, Helvetica, sans-serif;\\n\\","    margin: 2rem;\\n\\","}\\n\\","body > * {\\n\\","    margin-bottom: 1rem;\\n\\","}\\n\\",".utility2FooterDiv {\\n\\","    margin-top: 20px;\\n\\","    text-align: center;\\n\\","}\\n\\","</style>\\n\\","<style>\\n\\","/*csslint\\n\\","*/\\n\\","textarea {\\n\\","    font-family: monospace;\\n\\","    height: 10rem;\\n\\","    width: 100%;\\n\\","}\\n\\","textarea[readonly] {\\n\\","    background: #ddd;\\n\\","}\\n\\","</style>\\n\\","</head>\\n\\","<body>\\n\\","<!-- utility2-comment\\n\\","<div id=\"ajaxProgressDiv1\" style=\"background: #d00; height: 2px; left: 0; margin: 0; padding: 0; position: fixed; top: 0; transition: background 0.5s, width 1.5s; width: 25%;\"></div>\\n\\","utility2-comment -->\\n\\","<h1>\\n\\","<!-- utility2-comment\\n\\","    <a\\n\\","        {{#if env.npm_package_homepage}}\\n\\","        href=\"{{env.npm_package_homepage}}\"\\n\\","        {{/if env.npm_package_homepage}}\\n\\","        target=\"_blank\"\\n\\","    >\\n\\","utility2-comment -->\\n\\","        {{env.npm_package_name}} (v{{env.npm_package_version}})\\n\\","<!-- utility2-comment\\n\\","    </a>\\n\\","utility2-comment -->\\n\\","</h1>\\n\\","<h3>{{env.npm_package_description}}</h3>\\n\\","<!-- utility2-comment\\n\\","<h4><a download href=\"assets.app.js\">download standalone app</a></h4>\\n\\","<button class=\"onclick onreset\" id=\"testRunButton1\">run internal test</button><br>\\n\\","<div id=\"testReportDiv1\" style=\"display: none;\"></div>\\n\\","utility2-comment -->\\n\\","\\n\\","\\n\\","\\n\\","<label>stderr and stdout</label>\\n\\","<textarea class=\"resettable\" id=\"outputTextareaStdout1\" readonly></textarea>\\n\\","<!-- utility2-comment\\n\\","{{#if isRollup}}\\n\\","<script src=\"assets.app.js\"></script>\\n\\","{{#unless isRollup}}\\n\\","utility2-comment -->\\n\\","<script src=\"assets.utility2.rollup.js\"></script>\\n\\","<script src=\"jsonp.utility2._stateInit?callback=window.utility2._stateInit\"></script>\\n\\","<script src=\"assets.npmtest_main_bower_files.rollup.js\"></script>\\n\\","<script src=\"assets.example.js\"></script>\\n\\","<script src=\"assets.test.js\"></script>\\n\\","<!-- utility2-comment\\n\\","{{/if isRollup}}\\n\\","utility2-comment -->\\n\\","<div class=\"utility2FooterDiv\">\\n\\","    [ this app was created with\\n\\","    <a href=\"https://github.com/kaizhu256/node-utility2\" target=\"_blank\">utility2</a>\\n\\","    ]\\n\\","</div>\\n\\","</body>\\n\\","</html>\\n\\","';","        /* jslint-ignore-end */","        if (local.templateRender) {","            local.assetsDict['/'] = local.templateRender(","                local.assetsDict['/assets.index.template.html'],","                {","                    env: local.objectSetDefault(local.env, {","                        npm_package_description: 'the greatest app in the world!',","                        npm_package_name: 'my-app',","                        npm_package_nameAlias: 'my_app',","                        npm_package_version: '0.0.1'","                    })","                }","            );","        } else {","            local.assetsDict['/'] = local.assetsDict['/assets.index.template.html']","                .replace((/\\{\\{env\\.(\\w+?)\\}\\}/g), function (match0, match1) {","                    // jslint-hack","                    String(match0);","                    switch (match1) {","                    case 'npm_package_description':","                        return 'the greatest app in the world!';","                    case 'npm_package_name':","                        return 'my-app';","                    case 'npm_package_nameAlias':","                        return 'my_app';","                    case 'npm_package_version':","                        return '0.0.1';","                    }","                });","        }","        // run the cli","        if (local.global.utility2_rollup || module !== require.main) {","            break;","        }","        local.assetsDict['/assets.example.js'] =","            local.assetsDict['/assets.example.js'] ||","            local.fs.readFileSync(__filename, 'utf8');","        // bug-workaround - long $npm_package_buildCustomOrg","        /* jslint-ignore-begin */","        local.assetsDict['/assets.npmtest_main_bower_files.rollup.js'] =","            local.assetsDict['/assets.npmtest_main_bower_files.rollup.js'] ||","            local.fs.readFileSync(","                local.npmtest_main_bower_files.__dirname + '/lib.npmtest_main_bower_files.js',","                'utf8'","            ).replace((/^#!/), '//');","        /* jslint-ignore-end */","        local.assetsDict['/favicon.ico'] = local.assetsDict['/favicon.ico'] || '';","        // if $npm_config_timeout_exit exists,","        // then exit this process after $npm_config_timeout_exit ms","        if (Number(process.env.npm_config_timeout_exit)) {","            setTimeout(process.exit, Number(process.env.npm_config_timeout_exit));","        }","        // start server","        if (local.global.utility2_serverHttp1) {","            break;","        }","        process.env.PORT = process.env.PORT || '8081';","        console.error('server starting on port ' + process.env.PORT);","        local.http.createServer(function (request, response) {","            request.urlParsed = local.url.parse(request.url);","            if (local.assetsDict[request.urlParsed.pathname] !== undefined) {","                response.end(local.assetsDict[request.urlParsed.pathname]);","                return;","            }","            response.statusCode = 404;","            response.end();","        }).listen(process.env.PORT);","        break;","    }","}());",""],"l":{"26":2,"28":2,"33":2,"35":2,"37":2,"38":2,"39":2,"44":1,"51":2,"55":2,"59":2,"61":2,"69":1,"70":2,"76":2,"79":2,"82":2,"83":2,"85":1,"89":2,"92":1,"93":1,"94":1,"96":1,"97":1,"100":1,"101":1,"103":1,"106":1,"108":2,"114":1,"116":1,"118":1,"123":1,"124":2,"125":2,"126":3,"127":3,"128":3,"129":3,"130":1,"133":3,"134":3,"139":3,"143":1,"144":3,"145":1,"149":1,"150":1,"158":1,"160":1,"161":1,"162":1,"164":1,"166":1,"258":1,"259":1,"271":1,"274":6,"275":6,"277":1,"279":2,"281":1,"283":2,"288":1,"289":1,"291":1,"296":1,"303":1,"306":1,"307":1,"310":1,"311":1,"313":1,"314":1,"315":1,"316":1,"317":1,"318":1,"319":1,"321":1,"322":1,"324":1}},"/home/travis/build/npmtest/node-npmtest-main-bower-files/node_modules/main-bower-files/index.js":{"path":"/home/travis/build/npmtest/node-npmtest-main-bower-files/node_modules/main-bower-files/index.js","s":{"1":1},"b":{"1":[0,1]},"f":{},"fnMap":{},"statementMap":{"1":{"start":{"line":1,"column":0},"end":{"line":1,"column":79}}},"branchMap":{"1":{"line":1,"type":"cond-expr","locations":[{"start":{"line":1,"column":39},"end":{"line":1,"column":59}},{"start":{"line":1,"column":62},"end":{"line":1,"column":78}}]}},"code":["module.exports = process.env.LIB_COV ? require('./lib-cov') : require('./lib');",""],"l":{"1":1}},"/home/travis/build/npmtest/node-npmtest-main-bower-files/node_modules/main-bower-files/lib/index.js":{"path":"/home/travis/build/npmtest/node-npmtest-main-bower-files/node_modules/main-bower-files/lib/index.js","s":{"1":1,"2":1,"3":0,"4":0,"5":0,"6":0,"7":0,"8":0,"9":0,"10":0,"11":0,"12":0,"13":0,"14":0,"15":0,"16":0,"17":0,"18":0,"19":0,"20":0,"21":0,"22":0,"23":0,"24":0,"25":0,"26":0,"27":0,"28":0,"29":0,"30":0,"31":0,"32":0,"33":0,"34":0,"35":0,"36":0,"37":0,"38":0,"39":0,"40":0,"41":0,"42":0,"43":0,"44":0,"45":0,"46":0,"47":0,"48":0,"49":0,"50":0,"51":0,"52":0,"53":0,"54":0,"55":0,"56":0,"57":0,"58":0,"59":0,"60":0,"61":0,"62":0,"63":0,"64":0,"65":0},"b":{"1":[0,0],"2":[0,0],"3":[0,0,0],"4":[0,0],"5":[0,0],"6":[0,0],"7":[0,0],"8":[0,0],"9":[0,0],"10":[0,0],"11":[0,0],"12":[0,0],"13":[0,0],"14":[0,0],"15":[0,0],"16":[0,0],"17":[0,0],"18":[0,0],"19":[0,0],"20":[0,0],"21":[0,0],"22":[0,0],"23":[0,0],"24":[0,0],"25":[0,0],"26":[0,0],"27":[0,0],"28":[0,0],"29":[0,0],"30":[0,0],"31":[0,0],"32":[0,0],"33":[0,0],"34":[0,0],"35":[0,0],"36":[0,0]},"f":{"1":0,"2":0},"fnMap":{"1":{"name":"(anonymous_1)","line":7,"loc":{"start":{"line":7,"column":17},"end":{"line":7,"column":44}}},"2":{"name":"(anonymous_2)","line":100,"loc":{"start":{"line":100,"column":33},"end":{"line":100,"column":48}}}},"statementMap":{"1":{"start":{"line":1,"column":0},"end":{"line":5,"column":57}},"2":{"start":{"line":7,"column":0},"end":{"line":120,"column":2}},"3":{"start":{"line":8,"column":4},"end":{"line":15,"column":14}},"4":{"start":{"line":17,"column":4},"end":{"line":30,"column":5}},"5":{"start":{"line":18,"column":8},"end":{"line":18,"column":19}},"6":{"start":{"line":19,"column":8},"end":{"line":19,"column":20}},"7":{"start":{"line":20,"column":8},"end":{"line":20,"column":22}},"8":{"start":{"line":21,"column":11},"end":{"line":30,"column":5}},"9":{"start":{"line":22,"column":8},"end":{"line":24,"column":9}},"10":{"start":{"line":23,"column":12},"end":{"line":23,"column":22}},"11":{"start":{"line":25,"column":8},"end":{"line":25,"column":22}},"12":{"start":{"line":26,"column":8},"end":{"line":26,"column":22}},"13":{"start":{"line":27,"column":11},"end":{"line":30,"column":5}},"14":{"start":{"line":28,"column":8},"end":{"line":28,"column":18}},"15":{"start":{"line":29,"column":8},"end":{"line":29,"column":20}},"16":{"start":{"line":32,"column":4},"end":{"line":34,"column":5}},"17":{"start":{"line":33,"column":8},"end":{"line":33,"column":18}},"18":{"start":{"line":36,"column":4},"end":{"line":36,"column":22}},"19":{"start":{"line":37,"column":4},"end":{"line":37,"column":34}},"20":{"start":{"line":38,"column":4},"end":{"line":38,"column":40}},"21":{"start":{"line":40,"column":4},"end":{"line":44,"column":5}},"22":{"start":{"line":41,"column":8},"end":{"line":41,"column":44}},"23":{"start":{"line":43,"column":8},"end":{"line":43,"column":37}},"24":{"start":{"line":46,"column":4},"end":{"line":46,"column":55}},"25":{"start":{"line":48,"column":4},"end":{"line":56,"column":5}},"26":{"start":{"line":49,"column":8},"end":{"line":49,"column":36}},"27":{"start":{"line":50,"column":8},"end":{"line":52,"column":9}},"28":{"start":{"line":51,"column":12},"end":{"line":51,"column":48}},"29":{"start":{"line":53,"column":8},"end":{"line":55,"column":9}},"30":{"start":{"line":54,"column":12},"end":{"line":54,"column":46}},"31":{"start":{"line":58,"column":4},"end":{"line":59,"column":84}},"32":{"start":{"line":61,"column":4},"end":{"line":63,"column":64}},"33":{"start":{"line":65,"column":4},"end":{"line":73,"column":5}},"34":{"start":{"line":66,"column":8},"end":{"line":66,"column":72}},"35":{"start":{"line":67,"column":8},"end":{"line":72,"column":9}},"36":{"start":{"line":68,"column":12},"end":{"line":68,"column":26}},"37":{"start":{"line":69,"column":12},"end":{"line":69,"column":22}},"38":{"start":{"line":71,"column":12},"end":{"line":71,"column":24}},"39":{"start":{"line":75,"column":4},"end":{"line":83,"column":5}},"40":{"start":{"line":76,"column":8},"end":{"line":76,"column":88}},"41":{"start":{"line":77,"column":8},"end":{"line":82,"column":9}},"42":{"start":{"line":78,"column":12},"end":{"line":78,"column":26}},"43":{"start":{"line":79,"column":12},"end":{"line":79,"column":22}},"44":{"start":{"line":81,"column":12},"end":{"line":81,"column":24}},"45":{"start":{"line":85,"column":4},"end":{"line":85,"column":44}},"46":{"start":{"line":86,"column":4},"end":{"line":86,"column":47}},"47":{"start":{"line":87,"column":4},"end":{"line":87,"column":49}},"48":{"start":{"line":88,"column":4},"end":{"line":91,"column":6}},"49":{"start":{"line":93,"column":4},"end":{"line":113,"column":5}},"50":{"start":{"line":94,"column":8},"end":{"line":94,"column":49}},"51":{"start":{"line":95,"column":8},"end":{"line":95,"column":38}},"52":{"start":{"line":97,"column":8},"end":{"line":105,"column":9}},"53":{"start":{"line":98,"column":12},"end":{"line":98,"column":64}},"54":{"start":{"line":99,"column":15},"end":{"line":105,"column":9}},"55":{"start":{"line":100,"column":12},"end":{"line":102,"column":15}},"56":{"start":{"line":101,"column":16},"end":{"line":101,"column":46}},"57":{"start":{"line":103,"column":15},"end":{"line":105,"column":9}},"58":{"start":{"line":104,"column":12},"end":{"line":104,"column":46}},"59":{"start":{"line":107,"column":8},"end":{"line":112,"column":9}},"60":{"start":{"line":108,"column":12},"end":{"line":108,"column":22}},"61":{"start":{"line":109,"column":12},"end":{"line":109,"column":22}},"62":{"start":{"line":111,"column":12},"end":{"line":111,"column":20}},"63":{"start":{"line":115,"column":4},"end":{"line":117,"column":5}},"64":{"start":{"line":116,"column":8},"end":{"line":116,"column":29}},"65":{"start":{"line":119,"column":4},"end":{"line":119,"column":23}}},"branchMap":{"1":{"line":17,"type":"if","locations":[{"start":{"line":17,"column":4},"end":{"line":17,"column":4}},{"start":{"line":17,"column":4},"end":{"line":17,"column":4}}]},"2":{"line":21,"type":"if","locations":[{"start":{"line":21,"column":11},"end":{"line":21,"column":11}},{"start":{"line":21,"column":11},"end":{"line":21,"column":11}}]},"3":{"line":21,"type":"binary-expr","locations":[{"start":{"line":21,"column":15},"end":{"line":21,"column":41}},{"start":{"line":21,"column":45},"end":{"line":21,"column":76}},{"start":{"line":21,"column":80},"end":{"line":21,"column":107}}]},"4":{"line":22,"type":"if","locations":[{"start":{"line":22,"column":8},"end":{"line":22,"column":8}},{"start":{"line":22,"column":8},"end":{"line":22,"column":8}}]},"5":{"line":27,"type":"if","locations":[{"start":{"line":27,"column":11},"end":{"line":27,"column":11}},{"start":{"line":27,"column":11},"end":{"line":27,"column":11}}]},"6":{"line":32,"type":"if","locations":[{"start":{"line":32,"column":4},"end":{"line":32,"column":4}},{"start":{"line":32,"column":4},"end":{"line":32,"column":4}}]},"7":{"line":36,"type":"binary-expr","locations":[{"start":{"line":36,"column":11},"end":{"line":36,"column":15}},{"start":{"line":36,"column":19},"end":{"line":36,"column":21}}]},"8":{"line":37,"type":"binary-expr","locations":[{"start":{"line":37,"column":17},"end":{"line":37,"column":27}},{"start":{"line":37,"column":31},"end":{"line":37,"column":33}}]},"9":{"line":38,"type":"binary-expr","locations":[{"start":{"line":38,"column":18},"end":{"line":38,"column":29}},{"start":{"line":38,"column":33},"end":{"line":38,"column":39}}]},"10":{"line":40,"type":"if","locations":[{"start":{"line":40,"column":4},"end":{"line":40,"column":4}},{"start":{"line":40,"column":4},"end":{"line":40,"column":4}}]},"11":{"line":46,"type":"binary-expr","locations":[{"start":{"line":46,"column":32},"end":{"line":46,"column":39}},{"start":{"line":46,"column":43},"end":{"line":46,"column":53}}]},"12":{"line":48,"type":"if","locations":[{"start":{"line":48,"column":4},"end":{"line":48,"column":4}},{"start":{"line":48,"column":4},"end":{"line":48,"column":4}}]},"13":{"line":48,"type":"binary-expr","locations":[{"start":{"line":48,"column":8},"end":{"line":48,"column":23}},{"start":{"line":48,"column":28},"end":{"line":48,"column":75}}]},"14":{"line":50,"type":"if","locations":[{"start":{"line":50,"column":8},"end":{"line":50,"column":8}},{"start":{"line":50,"column":8},"end":{"line":50,"column":8}}]},"15":{"line":53,"type":"if","locations":[{"start":{"line":53,"column":8},"end":{"line":53,"column":8}},{"start":{"line":53,"column":8},"end":{"line":53,"column":8}}]},"16":{"line":58,"type":"cond-expr","locations":[{"start":{"line":58,"column":39},"end":{"line":58,"column":88}},{"start":{"line":59,"column":39},"end":{"line":59,"column":83}}]},"17":{"line":59,"type":"binary-expr","locations":[{"start":{"line":59,"column":57},"end":{"line":59,"column":66}},{"start":{"line":59,"column":70},"end":{"line":59,"column":82}}]},"18":{"line":61,"type":"cond-expr","locations":[{"start":{"line":62,"column":8},"end":{"line":62,"column":62}},{"start":{"line":63,"column":8},"end":{"line":63,"column":63}}]},"19":{"line":63,"type":"binary-expr","locations":[{"start":{"line":63,"column":26},"end":{"line":63,"column":40}},{"start":{"line":63,"column":44},"end":{"line":63,"column":62}}]},"20":{"line":65,"type":"if","locations":[{"start":{"line":65,"column":4},"end":{"line":65,"column":4}},{"start":{"line":65,"column":4},"end":{"line":65,"column":4}}]},"21":{"line":65,"type":"binary-expr","locations":[{"start":{"line":65,"column":8},"end":{"line":65,"column":18}},{"start":{"line":65,"column":22},"end":{"line":65,"column":40}}]},"22":{"line":67,"type":"if","locations":[{"start":{"line":67,"column":8},"end":{"line":67,"column":8}},{"start":{"line":67,"column":8},"end":{"line":67,"column":8}}]},"23":{"line":75,"type":"if","locations":[{"start":{"line":75,"column":4},"end":{"line":75,"column":4}},{"start":{"line":75,"column":4},"end":{"line":75,"column":4}}]},"24":{"line":75,"type":"binary-expr","locations":[{"start":{"line":75,"column":8},"end":{"line":75,"column":23}},{"start":{"line":75,"column":27},"end":{"line":75,"column":50}}]},"25":{"line":77,"type":"if","locations":[{"start":{"line":77,"column":8},"end":{"line":77,"column":8}},{"start":{"line":77,"column":8},"end":{"line":77,"column":8}}]},"26":{"line":85,"type":"binary-expr","locations":[{"start":{"line":85,"column":16},"end":{"line":85,"column":25}},{"start":{"line":85,"column":29},"end":{"line":85,"column":43}}]},"27":{"line":86,"type":"binary-expr","locations":[{"start":{"line":86,"column":22},"end":{"line":86,"column":37}},{"start":{"line":86,"column":41},"end":{"line":86,"column":46}}]},"28":{"line":87,"type":"binary-expr","locations":[{"start":{"line":87,"column":23},"end":{"line":87,"column":39}},{"start":{"line":87,"column":43},"end":{"line":87,"column":48}}]},"29":{"line":97,"type":"if","locations":[{"start":{"line":97,"column":8},"end":{"line":97,"column":8}},{"start":{"line":97,"column":8},"end":{"line":97,"column":8}}]},"30":{"line":97,"type":"binary-expr","locations":[{"start":{"line":97,"column":12},"end":{"line":97,"column":43}},{"start":{"line":97,"column":47},"end":{"line":97,"column":73}}]},"31":{"line":99,"type":"if","locations":[{"start":{"line":99,"column":15},"end":{"line":99,"column":15}},{"start":{"line":99,"column":15},"end":{"line":99,"column":15}}]},"32":{"line":103,"type":"if","locations":[{"start":{"line":103,"column":15},"end":{"line":103,"column":15}},{"start":{"line":103,"column":15},"end":{"line":103,"column":15}}]},"33":{"line":107,"type":"if","locations":[{"start":{"line":107,"column":8},"end":{"line":107,"column":8}},{"start":{"line":107,"column":8},"end":{"line":107,"column":8}}]},"34":{"line":115,"type":"if","locations":[{"start":{"line":115,"column":4},"end":{"line":115,"column":4}},{"start":{"line":115,"column":4},"end":{"line":115,"column":4}}]},"35":{"line":116,"type":"binary-expr","locations":[{"start":{"line":116,"column":17},"end":{"line":116,"column":22}},{"start":{"line":116,"column":26},"end":{"line":116,"column":28}}]},"36":{"line":119,"type":"binary-expr","locations":[{"start":{"line":119,"column":11},"end":{"line":119,"column":16}},{"start":{"line":119,"column":20},"end":{"line":119,"column":22}}]}},"code":["var readFile           = require('fs').readFileSync,","    exists             = require('path-exists').sync,","    path               = require('path'),","    multimatch         = require('multimatch'),","    PackageCollection  = require('./package_collection');","","module.exports = function(filter, opts, cb) {","    var collection,","        files,","        config,","        bowerrc,","        bowerJson,","        bowerDirectory,","        cwd = process.cwd(),","        error;","","    if (typeof filter === 'function') {","        cb = filter","        opts = null;","        filter = null;","    } else if (typeof filter !== 'string' && Array.isArray(filter) === false && !(filter instanceof RegExp)) {","        if (typeof opts === 'function') {","            cb = opts;","        }","        opts = filter;","        filter = null;","    } else if (typeof opts === 'function') {","        cb = opts;","        opts = null;","    }","","    if (typeof cb !== 'function') {","        cb = null;","    }","","    opts = opts || {};","    opts.paths = opts.paths || {};","    opts.filter = opts.filter || filter;","","    if (typeof opts.paths === 'string') {","        cwd = path.resolve(cwd, opts.paths);","    } else {","        bowerrc = opts.paths.bowerrc;","    }","","    bowerrc = path.resolve(cwd, bowerrc || '.bowerrc');","","    if (exists(bowerrc) && (config = JSON.parse(readFile(bowerrc, 'utf-8')))) {","        cwd = path.dirname(bowerrc);","        if (config.cwd) {","            cwd = path.resolve(cwd, config.cwd);","        }","        if (config.directory) {","            bowerDirectory = config.directory;","        }","    }","","    bowerJson = opts.paths.bowerJson ? path.resolve(process.cwd(), opts.paths.bowerJson)","                                     : path.resolve(cwd, bowerJson || 'bower.json');","","    bowerDirectory = opts.paths.bowerDirectory ?","        path.resolve(process.cwd(), opts.paths.bowerDirectory) :","        path.resolve(cwd, bowerDirectory || 'bower_components');","","    if (!bowerJson || !exists(bowerJson)) {","        error = Error('bower.json file does not exist at ' + bowerJson);","        if (cb) {","            cb(error, []);","            return [];","        } else {","            throw error;","        }","    }","","    if (!bowerDirectory || !exists(bowerDirectory)) {","        error = Error('Bower components directory does not exist at ' + bowerDirectory);","        if (cb) {","            cb(error, []);","            return [];","        } else {","            throw error;","        }","    }","","    opts.base = opts.base || bowerDirectory;","    opts.includeDev = opts.includeDev || false;","    opts.includeSelf = opts.includeSelf || false;","    opts.paths = {","        bowerJson: bowerJson,","        bowerDirectory: bowerDirectory","    };","","    try {","        collection = new PackageCollection(opts);","        files = collection.getFiles();","","        if (typeof opts.filter === 'string' || Array.isArray(opts.filter)) {","            files = multimatch(files, opts.filter, {dot: true});","        } else if (opts.filter instanceof RegExp) {","            files = files.filter(function(file) {","                return opts.filter.test(file);","            });","        } else if (typeof opts.filter === 'function') {","            files = files.filter(opts.filter);","        }","    } catch (e) {","        if (cb) {","            cb(e, []);","            return [];","        } else {","            throw e;","        }","    }","","    if (cb) {","        cb(null, files || [])","    }","","    return files || [];","};",""],"l":{"1":1,"7":1,"8":0,"17":0,"18":0,"19":0,"20":0,"21":0,"22":0,"23":0,"25":0,"26":0,"27":0,"28":0,"29":0,"32":0,"33":0,"36":0,"37":0,"38":0,"40":0,"41":0,"43":0,"46":0,"48":0,"49":0,"50":0,"51":0,"53":0,"54":0,"58":0,"61":0,"65":0,"66":0,"67":0,"68":0,"69":0,"71":0,"75":0,"76":0,"77":0,"78":0,"79":0,"81":0,"85":0,"86":0,"87":0,"88":0,"93":0,"94":0,"95":0,"97":0,"98":0,"99":0,"100":0,"101":0,"103":0,"104":0,"107":0,"108":0,"109":0,"111":0,"115":0,"116":0,"119":0}},"/home/travis/build/npmtest/node-npmtest-main-bower-files/node_modules/main-bower-files/lib/package_collection.js":{"path":"/home/travis/build/npmtest/node-npmtest-main-bower-files/node_modules/main-bower-files/lib/package_collection.js","s":{"1":1,"2":1,"3":0,"4":0,"5":0,"6":0,"7":0,"8":0,"9":0,"10":0,"11":0,"12":0,"13":1,"14":0,"15":0,"16":0,"17":0,"18":0,"19":0,"20":0,"21":0,"22":0,"23":0,"24":0,"25":0,"26":0,"27":0,"28":0,"29":0,"30":0,"31":0,"32":0,"33":0,"34":0,"35":0,"36":0,"37":0,"38":0,"39":0,"40":0,"41":0,"42":0,"43":0,"44":0,"45":0,"46":0,"47":0,"48":0,"49":0,"50":0,"51":0,"52":0,"53":0,"54":0,"55":0,"56":0,"57":0,"58":0,"59":0,"60":0,"61":0,"62":0,"63":0,"64":0,"65":0,"66":0,"67":0,"68":0,"69":0,"70":0,"71":0,"72":0,"73":0,"74":0,"75":0,"76":0,"77":0,"78":0,"79":0,"80":0,"81":0,"82":0,"83":0,"84":0,"85":1},"b":{"1":[0,0],"2":[0,0],"3":[0,0],"4":[0,0],"5":[0,0],"6":[0,0],"7":[0,0],"8":[0,0],"9":[0,0],"10":[0,0],"11":[0,0],"12":[0,0],"13":[0,0],"14":[0,0],"15":[0,0],"16":[0,0],"17":[0,0],"18":[0,0],"19":[0,0],"20":[0,0],"21":[0,0],"22":[0,0],"23":[0,0],"24":[0,0],"25":[0,0],"26":[0,0,0,0],"27":[0,0],"28":[0,0],"29":[0,0],"30":[0,0],"31":[0,0],"32":[0,0],"33":[0,0],"34":[0,0],"35":[0,0,0,0],"36":[0,0],"37":[0,0],"38":[0,0],"39":[0,0],"40":[0,0],"41":[0,0]},"f":{"1":0,"2":0,"3":0,"4":0,"5":0,"6":0,"7":0,"8":0,"9":0,"10":0},"fnMap":{"1":{"name":"PackageCollection","line":19,"loc":{"start":{"line":19,"column":0},"end":{"line":19,"column":33}}},"2":{"name":"(anonymous_2)","line":40,"loc":{"start":{"line":40,"column":9},"end":{"line":40,"column":36}}},"3":{"name":"(anonymous_3)","line":65,"loc":{"start":{"line":65,"column":21},"end":{"line":65,"column":32}}},"4":{"name":"(anonymous_4)","line":83,"loc":{"start":{"line":83,"column":48},"end":{"line":83,"column":72}}},"5":{"name":"(anonymous_5)","line":104,"loc":{"start":{"line":104,"column":21},"end":{"line":104,"column":63}}},"6":{"name":"(anonymous_6)","line":121,"loc":{"start":{"line":121,"column":19},"end":{"line":121,"column":53}}},"7":{"name":"(anonymous_7)","line":151,"loc":{"start":{"line":151,"column":22},"end":{"line":151,"column":57}}},"8":{"name":"(anonymous_8)","line":180,"loc":{"start":{"line":180,"column":14},"end":{"line":180,"column":25}}},"9":{"name":"(anonymous_9)","line":194,"loc":{"start":{"line":194,"column":13},"end":{"line":194,"column":24}}},"10":{"name":"(anonymous_10)","line":207,"loc":{"start":{"line":207,"column":22},"end":{"line":207,"column":40}}}},"statementMap":{"1":{"start":{"line":1,"column":0},"end":{"line":7,"column":46}},"2":{"start":{"line":19,"column":0},"end":{"line":31,"column":1}},"3":{"start":{"line":20,"column":4},"end":{"line":20,"column":35}},"4":{"start":{"line":21,"column":4},"end":{"line":21,"column":48}},"5":{"start":{"line":22,"column":4},"end":{"line":22,"column":63}},"6":{"start":{"line":23,"column":4},"end":{"line":23,"column":54}},"7":{"start":{"line":24,"column":4},"end":{"line":24,"column":51}},"8":{"start":{"line":25,"column":4},"end":{"line":25,"column":33}},"9":{"start":{"line":26,"column":4},"end":{"line":26,"column":32}},"10":{"start":{"line":27,"column":4},"end":{"line":27,"column":33}},"11":{"start":{"line":28,"column":4},"end":{"line":28,"column":33}},"12":{"start":{"line":30,"column":4},"end":{"line":30,"column":27}},"13":{"start":{"line":33,"column":0},"end":{"line":224,"column":2}},"14":{"start":{"line":41,"column":8},"end":{"line":43,"column":9}},"15":{"start":{"line":42,"column":12},"end":{"line":42,"column":19}},"16":{"start":{"line":45,"column":8},"end":{"line":47,"column":9}},"17":{"start":{"line":46,"column":12},"end":{"line":46,"column":59}},"18":{"start":{"line":49,"column":8},"end":{"line":49,"column":36}},"19":{"start":{"line":51,"column":8},"end":{"line":51,"column":46}},"20":{"start":{"line":52,"column":8},"end":{"line":52,"column":25}},"21":{"start":{"line":53,"column":8},"end":{"line":53,"column":25}},"22":{"start":{"line":54,"column":8},"end":{"line":56,"column":9}},"23":{"start":{"line":55,"column":12},"end":{"line":55,"column":37}},"24":{"start":{"line":57,"column":8},"end":{"line":57,"column":25}},"25":{"start":{"line":59,"column":8},"end":{"line":59,"column":55}},"26":{"start":{"line":66,"column":8},"end":{"line":68,"column":9}},"27":{"start":{"line":67,"column":12},"end":{"line":67,"column":90}},"28":{"start":{"line":70,"column":8},"end":{"line":77,"column":40}},"29":{"start":{"line":79,"column":8},"end":{"line":79,"column":68}},"30":{"start":{"line":81,"column":8},"end":{"line":81,"column":75}},"31":{"start":{"line":83,"column":8},"end":{"line":85,"column":11}},"32":{"start":{"line":84,"column":12},"end":{"line":84,"column":90}},"33":{"start":{"line":87,"column":8},"end":{"line":89,"column":9}},"34":{"start":{"line":88,"column":12},"end":{"line":88,"column":65}},"35":{"start":{"line":91,"column":8},"end":{"line":93,"column":9}},"36":{"start":{"line":92,"column":12},"end":{"line":92,"column":68}},"37":{"start":{"line":95,"column":8},"end":{"line":97,"column":9}},"38":{"start":{"line":96,"column":12},"end":{"line":96,"column":94}},"39":{"start":{"line":105,"column":8},"end":{"line":113,"column":9}},"40":{"start":{"line":106,"column":12},"end":{"line":106,"column":101}},"41":{"start":{"line":108,"column":12},"end":{"line":110,"column":13}},"42":{"start":{"line":109,"column":16},"end":{"line":109,"column":90}},"43":{"start":{"line":112,"column":12},"end":{"line":112,"column":87}},"44":{"start":{"line":122,"column":8},"end":{"line":122,"column":26}},"45":{"start":{"line":124,"column":8},"end":{"line":137,"column":9}},"46":{"start":{"line":125,"column":12},"end":{"line":125,"column":134}},"47":{"start":{"line":127,"column":12},"end":{"line":134,"column":13}},"48":{"start":{"line":128,"column":16},"end":{"line":130,"column":17}},"49":{"start":{"line":129,"column":20},"end":{"line":129,"column":46}},"50":{"start":{"line":131,"column":16},"end":{"line":133,"column":17}},"51":{"start":{"line":132,"column":20},"end":{"line":132,"column":46}},"52":{"start":{"line":136,"column":12},"end":{"line":136,"column":28}},"53":{"start":{"line":139,"column":8},"end":{"line":143,"column":9}},"54":{"start":{"line":140,"column":12},"end":{"line":142,"column":13}},"55":{"start":{"line":141,"column":16},"end":{"line":141,"column":91}},"56":{"start":{"line":145,"column":8},"end":{"line":145,"column":24}},"57":{"start":{"line":152,"column":8},"end":{"line":154,"column":9}},"58":{"start":{"line":153,"column":12},"end":{"line":153,"column":19}},"59":{"start":{"line":156,"column":8},"end":{"line":166,"column":9}},"60":{"start":{"line":157,"column":12},"end":{"line":157,"column":134}},"61":{"start":{"line":159,"column":12},"end":{"line":163,"column":13}},"62":{"start":{"line":160,"column":16},"end":{"line":160,"column":29}},"63":{"start":{"line":162,"column":16},"end":{"line":162,"column":23}},"64":{"start":{"line":165,"column":12},"end":{"line":165,"column":42}},"65":{"start":{"line":168,"column":8},"end":{"line":172,"column":9}},"66":{"start":{"line":169,"column":12},"end":{"line":171,"column":13}},"67":{"start":{"line":170,"column":16},"end":{"line":170,"column":66}},"68":{"start":{"line":181,"column":8},"end":{"line":183,"column":9}},"69":{"start":{"line":182,"column":12},"end":{"line":182,"column":51}},"70":{"start":{"line":185,"column":8},"end":{"line":185,"column":30}},"71":{"start":{"line":195,"column":8},"end":{"line":197,"column":26}},"72":{"start":{"line":199,"column":8},"end":{"line":201,"column":9}},"73":{"start":{"line":200,"column":12},"end":{"line":200,"column":25}},"74":{"start":{"line":203,"column":8},"end":{"line":203,"column":45}},"75":{"start":{"line":205,"column":8},"end":{"line":205,"column":25}},"76":{"start":{"line":207,"column":8},"end":{"line":216,"column":17}},"77":{"start":{"line":208,"column":12},"end":{"line":208,"column":54}},"78":{"start":{"line":210,"column":12},"end":{"line":212,"column":13}},"79":{"start":{"line":211,"column":16},"end":{"line":211,"column":49}},"80":{"start":{"line":214,"column":12},"end":{"line":214,"column":47}},"81":{"start":{"line":215,"column":12},"end":{"line":215,"column":49}},"82":{"start":{"line":218,"column":8},"end":{"line":220,"column":9}},"83":{"start":{"line":219,"column":12},"end":{"line":219,"column":50}},"84":{"start":{"line":222,"column":8},"end":{"line":222,"column":20}},"85":{"start":{"line":226,"column":0},"end":{"line":226,"column":35}}},"branchMap":{"1":{"line":21,"type":"binary-expr","locations":[{"start":{"line":21,"column":30},"end":{"line":21,"column":39}},{"start":{"line":21,"column":43},"end":{"line":21,"column":47}}]},"2":{"line":22,"type":"binary-expr","locations":[{"start":{"line":22,"column":30},"end":{"line":22,"column":38}},{"start":{"line":22,"column":42},"end":{"line":22,"column":62}}]},"3":{"line":23,"type":"binary-expr","locations":[{"start":{"line":23,"column":30},"end":{"line":23,"column":44}},{"start":{"line":23,"column":48},"end":{"line":23,"column":53}}]},"4":{"line":24,"type":"binary-expr","locations":[{"start":{"line":24,"column":30},"end":{"line":24,"column":44}},{"start":{"line":24,"column":48},"end":{"line":24,"column":50}}]},"5":{"line":41,"type":"if","locations":[{"start":{"line":41,"column":8},"end":{"line":41,"column":8}},{"start":{"line":41,"column":8},"end":{"line":41,"column":8}}]},"6":{"line":45,"type":"if","locations":[{"start":{"line":45,"column":8},"end":{"line":45,"column":8}},{"start":{"line":45,"column":8},"end":{"line":45,"column":8}}]},"7":{"line":51,"type":"binary-expr","locations":[{"start":{"line":51,"column":19},"end":{"line":51,"column":39}},{"start":{"line":51,"column":43},"end":{"line":51,"column":45}}]},"8":{"line":54,"type":"if","locations":[{"start":{"line":54,"column":8},"end":{"line":54,"column":8}},{"start":{"line":54,"column":8},"end":{"line":54,"column":8}}]},"9":{"line":55,"type":"binary-expr","locations":[{"start":{"line":55,"column":24},"end":{"line":55,"column":28}},{"start":{"line":55,"column":32},"end":{"line":55,"column":36}}]},"10":{"line":66,"type":"if","locations":[{"start":{"line":66,"column":8},"end":{"line":66,"column":8}},{"start":{"line":66,"column":8},"end":{"line":66,"column":8}}]},"11":{"line":71,"type":"binary-expr","locations":[{"start":{"line":71,"column":20},"end":{"line":71,"column":35}},{"start":{"line":71,"column":39},"end":{"line":71,"column":43}}]},"12":{"line":72,"type":"binary-expr","locations":[{"start":{"line":72,"column":25},"end":{"line":72,"column":45}},{"start":{"line":72,"column":49},"end":{"line":72,"column":54}}]},"13":{"line":73,"type":"binary-expr","locations":[{"start":{"line":73,"column":26},"end":{"line":73,"column":47}},{"start":{"line":73,"column":51},"end":{"line":73,"column":56}}]},"14":{"line":75,"type":"binary-expr","locations":[{"start":{"line":75,"column":30},"end":{"line":75,"column":55}},{"start":{"line":75,"column":59},"end":{"line":75,"column":61}}]},"15":{"line":76,"type":"binary-expr","locations":[{"start":{"line":76,"column":27},"end":{"line":76,"column":49}},{"start":{"line":76,"column":53},"end":{"line":76,"column":55}}]},"16":{"line":77,"type":"binary-expr","locations":[{"start":{"line":77,"column":19},"end":{"line":77,"column":33}},{"start":{"line":77,"column":37},"end":{"line":77,"column":39}}]},"17":{"line":79,"type":"cond-expr","locations":[{"start":{"line":79,"column":43},"end":{"line":79,"column":54}},{"start":{"line":79,"column":57},"end":{"line":79,"column":67}}]},"18":{"line":81,"type":"binary-expr","locations":[{"start":{"line":81,"column":32},"end":{"line":81,"column":51}},{"start":{"line":81,"column":55},"end":{"line":81,"column":57}}]},"19":{"line":87,"type":"if","locations":[{"start":{"line":87,"column":8},"end":{"line":87,"column":8}},{"start":{"line":87,"column":8},"end":{"line":87,"column":8}}]},"20":{"line":91,"type":"if","locations":[{"start":{"line":91,"column":8},"end":{"line":91,"column":8}},{"start":{"line":91,"column":8},"end":{"line":91,"column":8}}]},"21":{"line":95,"type":"if","locations":[{"start":{"line":95,"column":8},"end":{"line":95,"column":8}},{"start":{"line":95,"column":8},"end":{"line":95,"column":8}}]},"22":{"line":96,"type":"binary-expr","locations":[{"start":{"line":96,"column":21},"end":{"line":96,"column":35}},{"start":{"line":96,"column":39},"end":{"line":96,"column":45}}]},"23":{"line":105,"type":"if","locations":[{"start":{"line":105,"column":8},"end":{"line":105,"column":8}},{"start":{"line":105,"column":8},"end":{"line":105,"column":8}}]},"24":{"line":106,"type":"cond-expr","locations":[{"start":{"line":106,"column":35},"end":{"line":106,"column":85}},{"start":{"line":106,"column":88},"end":{"line":106,"column":100}}]},"25":{"line":124,"type":"if","locations":[{"start":{"line":124,"column":8},"end":{"line":124,"column":8}},{"start":{"line":124,"column":8},"end":{"line":124,"column":8}}]},"26":{"line":125,"type":"binary-expr","locations":[{"start":{"line":125,"column":35},"end":{"line":125,"column":40}},{"start":{"line":125,"column":44},"end":{"line":125,"column":59}},{"start":{"
[...]
ine":18,"column":0},"end":{"line":33,"column":1}},"3":{"start":{"line":19,"column":4},"end":{"line":19,"column":37}},"4":{"start":{"line":20,"column":4},"end":{"line":20,"column":44}},"5":{"start":{"line":21,"column":4},"end":{"line":21,"column":44}},"6":{"start":{"line":22,"column":4},"end":{"line":22,"column":44}},"7":{"start":{"line":23,"column":4},"end":{"line":23,"column":44}},"8":{"start":{"line":24,"column":4},"end":{"line":24,"column":47}},"9":{"start":{"line":25,"column":4},"end":{"line":25,"column":56}},"10":{"start":{"line":27,"column":4},"end":{"line":29,"column":5}},"11":{"start":{"line":28,"column":8},"end":{"line":28,"column":15}},"12":{"start":{"line":31,"column":4},"end":{"line":31,"column":23}},"13":{"start":{"line":32,"column":4},"end":{"line":32,"column":27}},"14":{"start":{"line":35,"column":0},"end":{"line":157,"column":2}},"15":{"start":{"line":40,"column":8},"end":{"line":60,"column":21}},"16":{"start":{"line":47,"column":16},"end":{"line":49,"column":17}},"17":{"start":{"line":48,"column":20},"end":{"line":48,"column":32}},"18":{"start":{"line":51,"column":16},"end":{"line":53,"column":17}},"19":{"start":{"line":52,"column":20},"end":{"line":52,"column":32}},"20":{"start":{"line":55,"column":16},"end":{"line":59,"column":17}},"21":{"start":{"line":56,"column":20},"end":{"line":56,"column":62}},"22":{"start":{"line":58,"column":20},"end":{"line":58,"column":32}},"23":{"start":{"line":62,"column":8},"end":{"line":64,"column":9}},"24":{"start":{"line":63,"column":12},"end":{"line":63,"column":19}},"25":{"start":{"line":66,"column":8},"end":{"line":72,"column":9}},"26":{"start":{"line":67,"column":12},"end":{"line":67,"column":34}},"27":{"start":{"line":69,"column":12},"end":{"line":71,"column":13}},"28":{"start":{"line":70,"column":16},"end":{"line":70,"column":75}},"29":{"start":{"line":74,"column":8},"end":{"line":76,"column":9}},"30":{"start":{"line":75,"column":12},"end":{"line":75,"column":88}},"31":{"start":{"line":78,"column":8},"end":{"line":84,"column":9}},"32":{"start":{"line":79,"column":12},"end":{"line":79,"column":50}},"33":{"start":{"line":81,"column":12},"end":{"line":83,"column":13}},"34":{"start":{"line":82,"column":16},"end":{"line":82,"column":91}},"35":{"start":{"line":91,"column":8},"end":{"line":93,"column":9}},"36":{"start":{"line":92,"column":12},"end":{"line":92,"column":72}},"37":{"start":{"line":106,"column":8},"end":{"line":108,"column":17}},"38":{"start":{"line":110,"column":8},"end":{"line":112,"column":9}},"39":{"start":{"line":111,"column":12},"end":{"line":111,"column":50}},"40":{"start":{"line":114,"column":8},"end":{"line":116,"column":9}},"41":{"start":{"line":115,"column":12},"end":{"line":115,"column":25}},"42":{"start":{"line":118,"column":8},"end":{"line":120,"column":9}},"43":{"start":{"line":119,"column":12},"end":{"line":119,"column":26}},"44":{"start":{"line":122,"column":8},"end":{"line":128,"column":9}},"45":{"start":{"line":123,"column":12},"end":{"line":127,"column":13}},"46":{"start":{"line":124,"column":16},"end":{"line":126,"column":17}},"47":{"start":{"line":125,"column":20},"end":{"line":125,"column":33}},"48":{"start":{"line":130,"column":8},"end":{"line":147,"column":17}},"49":{"start":{"line":131,"column":12},"end":{"line":133,"column":13}},"50":{"start":{"line":132,"column":16},"end":{"line":132,"column":80}},"51":{"start":{"line":135,"column":12},"end":{"line":137,"column":15}},"52":{"start":{"line":139,"column":12},"end":{"line":142,"column":13}},"53":{"start":{"line":140,"column":16},"end":{"line":141,"column":41}},"54":{"start":{"line":144,"column":12},"end":{"line":146,"column":21}},"55":{"start":{"line":145,"column":16},"end":{"line":145,"column":55}},"56":{"start":{"line":149,"column":8},"end":{"line":153,"column":9}},"57":{"start":{"line":150,"column":12},"end":{"line":152,"column":21}},"58":{"start":{"line":151,"column":16},"end":{"line":151,"column":66}},"59":{"start":{"line":155,"column":8},"end":{"line":155,"column":21}},"60":{"start":{"line":159,"column":0},"end":{"line":159,"column":25}}},"branchMap":{"1":{"line":20,"type":"binary-expr","locations":[{"start":{"line":20,"column":26},"end":{"line":20,"column":35}},{"start":{"line":20,"column":39},"end":{"line":20,"column":43}}]},"2":{"line":21,"type":"binary-expr","locations":[{"start":{"line":21,"column":26},"end":{"line":21,"column":35}},{"start":{"line":21,"column":39},"end":{"line":21,"column":43}}]},"3":{"line":22,"type":"binary-expr","locations":[{"start":{"line":22,"column":26},"end":{"line":22,"column":35}},{"start":{"line":22,"column":39},"end":{"line":22,"column":43}}]},"4":{"line":24,"type":"binary-expr","locations":[{"start":{"line":24,"column":26},"end":{"line":24,"column":37}},{"start":{"line":24,"column":41},"end":{"line":24,"column":46}}]},"5":{"line":25,"type":"binary-expr","locations":[{"start":{"line":25,"column":26},"end":{"line":25,"column":46}},{"start":{"line":25,"column":50},"end":{"line":25,"column":55}}]},"6":{"line":27,"type":"if","locations":[{"start":{"line":27,"column":4},"end":{"line":27,"column":4}},{"start":{"line":27,"column":4},"end":{"line":27,"column":4}}]},"7":{"line":47,"type":"if","locations":[{"start":{"line":47,"column":16},"end":{"line":47,"column":16}},{"start":{"line":47,"column":16},"end":{"line":47,"column":16}}]},"8":{"line":47,"type":"binary-expr","locations":[{"start":{"line":47,"column":20},"end":{"line":47,"column":24}},{"start":{"line":47,"column":28},"end":{"line":47,"column":37}}]},"9":{"line":51,"type":"if","locations":[{"start":{"line":51,"column":16},"end":{"line":51,"column":16}},{"start":{"line":51,"column":16},"end":{"line":51,"column":16}}]},"10":{"line":62,"type":"if","locations":[{"start":{"line":62,"column":8},"end":{"line":62,"column":8}},{"start":{"line":62,"column":8},"end":{"line":62,"column":8}}]},"11":{"line":66,"type":"if","locations":[{"start":{"line":66,"column":8},"end":{"line":66,"column":8}},{"start":{"line":66,"column":8},"end":{"line":66,"column":8}}]},"12":{"line":66,"type":"binary-expr","locations":[{"start":{"line":66,"column":12},"end":{"line":66,"column":22}},{"start":{"line":66,"column":26},"end":{"line":66,"column":35}}]},"13":{"line":69,"type":"if","locations":[{"start":{"line":69,"column":12},"end":{"line":69,"column":12}},{"start":{"line":69,"column":12},"end":{"line":69,"column":12}}]},"14":{"line":74,"type":"if","locations":[{"start":{"line":74,"column":8},"end":{"line":74,"column":8}},{"start":{"line":74,"column":8},"end":{"line":74,"column":8}}]},"15":{"line":74,"type":"binary-expr","locations":[{"start":{"line":74,"column":12},"end":{"line":74,"column":22}},{"start":{"line":74,"column":26},"end":{"line":74,"column":61}}]},"16":{"line":78,"type":"if","locations":[{"start":{"line":78,"column":8},"end":{"line":78,"column":8}},{"start":{"line":78,"column":8},"end":{"line":78,"column":8}}]},"17":{"line":78,"type":"binary-expr","locations":[{"start":{"line":78,"column":12},"end":{"line":78,"column":43}},{"start":{"line":78,"column":47},"end":{"line":78,"column":64}},{"start":{"line":78,"column":68},"end":{"line":78,"column":85}}]},"18":{"line":81,"type":"if","locations":[{"start":{"line":81,"column":12},"end":{"line":81,"column":12}},{"start":{"line":81,"column":12},"end":{"line":81,"column":12}}]},"19":{"line":106,"type":"binary-expr","locations":[{"start":{"line":106,"column":31},"end":{"line":106,"column":40}},{"start":{"line":106,"column":44},"end":{"line":106,"column":69}}]},"20":{"line":110,"type":"if","locations":[{"start":{"line":110,"column":8},"end":{"line":110,"column":8}},{"start":{"line":110,"column":8},"end":{"line":110,"column":8}}]},"21":{"line":110,"type":"binary-expr","locations":[{"start":{"line":110,"column":12},"end":{"line":110,"column":16}},{"start":{"line":110,"column":20},"end":{"line":110,"column":44}},{"start":{"line":110,"column":48},"end":{"line":110,"column":68}}]},"22":{"line":114,"type":"if","locations":[{"start":{"line":114,"column":8},"end":{"line":114,"column":8}},{"start":{"line":114,"column":8},"end":{"line":114,"column":8}}]},"23":{"line":114,"type":"binary-expr","locations":[{"start":{"line":114,"column":12},"end":{"line":114,"column":23}},{"start":{"line":114,"column":27},"end":{"line":114,"column":32}}]},"24":{"line":118,"type":"if","locations":[{"start":{"line":118,"column":8},"end":{"line":118,"column":8}},{"start":{"line":118,"column":8},"end":{"line":118,"column":8}}]},"25":{"line":122,"type":"if","locations":[{"start":{"line":122,"column":8},"end":{"line":122,"column":8}},{"start":{"line":122,"column":8},"end":{"line":122,"column":8}}]},"26":{"line":124,"type":"if","locations":[{"start":{"line":124,"column":16},"end":{"line":124,"column":16}},{"start":{"line":124,"column":16},"end":{"line":124,"column":16}}]},"27":{"line":131,"type":"if","locations":[{"start":{"line":131,"column":12},"end":{"line":131,"column":12}},{"start":{"line":131,"column":12},"end":{"line":131,"column":12}}]},"28":{"line":139,"type":"if","locations":[{"start":{"line":139,"column":12},"end":{"line":139,"column":12}},{"start":{"line":139,"column":12},"end":{"line":139,"column":12}}]},"29":{"line":139,"type":"binary-expr","locations":[{"start":{"line":139,"column":16},"end":{"line":139,"column":30}},{"start":{"line":139,"column":34},"end":{"line":139,"column":69}}]},"30":{"line":149,"type":"if","locations":[{"start":{"line":149,"column":8},"end":{"line":149,"column":8}},{"start":{"line":149,"column":8},"end":{"line":149,"column":8}}]}},"code":["var path     = require('path'),","    readFile = require('fs').readFileSync,","    exists   = require('path-exists').sync,","    globby   = require('globby').sync,","    logger   = require('./logger');","","/**"," * Holds information of the bower package"," *"," * @class Package"," */","","/**"," * @constructor"," * @param {Object}              opts"," * @param {PackageCollection}   collection"," */","function Package(opts, collection) {","    this.collection     = collection;","    this.name           = opts.name || null;","    this.path           = opts.path || null;","    this.main           = opts.main || null;","    this.dependencies   = opts.dependencies;","    this.ignore         = opts.ignore || false;","    this.debugging      = collection.debugging || false;","","    if (this.ignore) {","        return;","    }","","    this.collectData();","    this.addDependencies();","};","","Package.prototype = {","    /**","     * Collects data from first found config file","     */","    collectData: function() {","        var paths = [","                path.join(this.path, '.bower.json'),","                path.join(this.path, 'bower.json'),","                path.join(this.path, 'package.json'),","                path.join(this.path, 'component.json')","            ],","            data = paths.reduce(function(prev, curr) {","                if (prev && prev.main) {","                    return prev;","                }","","                if (!exists(curr)) {","                    return prev;","                }","","                try {","                    return JSON.parse(readFile(curr, 'utf8'));","                } catch (e) {","                    return null;","                }","            }, null);","","        if (!data) {","            return;","        }","","        if (!this.main && data.main) {","            this.main = data.main;","","            if (this.debugging) {","                logger('Package', 'overriding main', this.name, data.main);","            }","        }","","        if (!this.main && this.collection.opts.checkExistence) {","            throw new Error('Main property of package \"' + this.name + '\" is missing.');","        }","","        if (this.dependencies === undefined && data.dependencies && data.dependencies) {","            this.dependencies = data.dependencies;","","            if (this.debugging) {","                logger('Package', 'overriding dependencies', this.name, data.dependencies);","            }","        }","    },","","    /**","     * Adds package dependencies to the collection","     */","    addDependencies: function() {","        for (var name in this.dependencies) {","            this.collection.add(name, path.join(this.path, '..', name));","        }","    },","","    /**","     * Gets main files of the package","     *","     * @param  {Boolean}","     *      force  If true it will not wait for the dependencies","     * @return {Mixed}","     *      Returns false if the package has dependencies which were not","     *      processed yet otherwise an array of file paths","     */","    getFiles: function(force) {","        var main = this.main = this.main || this.collection.opts.main,","            files = [],","            name;","","        if (main && typeof main === 'object' && !Array.isArray(main)) {","            main = main[this.collection.opts.env];","        }","","        if (this.ignore || !main) {","            return files;","        }","","        if (!Array.isArray(main)) {","            main = [main];","        }","","        if (force !== true) {","            for (name in this.dependencies) {","                if (this.collection._processed[name] !== true) {","                    return false;","                }","            }","        }","","        main.forEach(function(pattern) {","            if (pattern[0] === '/') {","                throw new Error('absolute path in bower main is not supported');","            }","","            var _files = globby(pattern, {","                cwd: this.path","            });","","            if (!_files.length && this.collection.opts.checkExistence) {","                throw new Error('File on path \"' + path.join(this.path, pattern) +","                    '\" does not exist.');","            }","","            _files.forEach(function(file) {","                files.push(path.join(this.path, file));","            }, this);","        }, this);","","        if (this.debugging) {","            files.forEach(function(file) {","                logger('Package', 'select file', this.name, file);","            }, this);","        }","","        return files;","    }","};","","module.exports = Package;",""],"l":{"1":1,"18":1,"19":0,"20":0,"21":0,"22":0,"23":0,"24":0,"25":0,"27":0,"28":0,"31":0,"32":0,"35":1,"40":0,"47":0,"48":0,"51":0,"52":0,"55":0,"56":0,"58":0,"62":0,"63":0,"66":0,"67":0,"69":0,"70":0,"74":0,"75":0,"78":0,"79":0,"81":0,"82":0,"91":0,"92":0,"106":0,"110":0,"111":0,"114":0,"115":0,"118":0,"119":0,"122":0,"123":0,"124":0,"125":0,"130":0,"131":0,"132":0,"135":0,"139":0,"140":0,"144":0,"145":0,"149":0,"150":0,"151":0,"155":0,"159":1}},"/home/travis/build/npmtest/node-npmtest-main-bower-files/node_modules/main-bower-files/lib/logger.js":{"path":"/home/travis/build/npmtest/node-npmtest-main-bower-files/node_modules/main-bower-files/lib/logger.js","s":{"1":1,"2":1,"3":0,"4":0,"5":0,"6":0,"7":0,"8":0,"9":1,"10":0,"11":0,"12":0},"b":{"1":[0,0],"2":[0,0]},"f":{"1":0,"2":0,"3":0},"fnMap":{"1":{"name":"(anonymous_1)","line":5,"loc":{"start":{"line":5,"column":17},"end":{"line":5,"column":28}}},"2":{"name":"(anonymous_2)","line":6,"loc":{"start":{"line":6,"column":38},"end":{"line":6,"column":55}}},"3":{"name":"width","line":17,"loc":{"start":{"line":17,"column":0},"end":{"line":17,"column":27}}}},"statementMap":{"1":{"start":{"line":1,"column":0},"end":{"line":3,"column":32}},"2":{"start":{"line":5,"column":0},"end":{"line":15,"column":2}},"3":{"start":{"line":6,"column":4},"end":{"line":12,"column":7}},"4":{"start":{"line":7,"column":8},"end":{"line":7,"column":66}},"5":{"start":{"line":8,"column":8},"end":{"line":8,"column":36}},"6":{"start":{"line":9,"column":8},"end":{"line":9,"column":36}},"7":{"start":{"line":11,"column":8},"end":{"line":11,"column":19}},"8":{"start":{"line":14,"column":4},"end":{"line":14,"column":34}},"9":{"start":{"line":17,"column":0},"end":{"line":23,"column":1}},"10":{"start":{"line":18,"column":4},"end":{"line":20,"column":5}},"11":{"start":{"line":19,"column":8},"end":{"line":19,"column":55}},"12":{"start":{"line":22,"column":4},"end":{"line":22,"column":15}}},"branchMap":{"1":{"line":7,"type":"cond-expr","locations":[{"start":{"line":7,"column":40},"end":{"line":7,"column":59}},{"start":{"line":7,"column":62},"end":{"line":7,"column":65}}]},"2":{"line":18,"type":"if","locations":[{"start":{"line":18,"column":4},"end":{"line":18,"column":4}},{"start":{"line":18,"column":4},"end":{"line":18,"column":4}}]}},"code":["var chalk = require('chalk'),","    colors = ['magenta', 'green', 'blue', 'grey', 'yellow'],","    widths = [18, 24, 18, 0, 0];","","module.exports = function() {","    var args = [].map.call(arguments, function(val, i) {","        val = typeof val === 'object' ? JSON.stringify(val) : val;","        val = width(val, widths[i]);","        val = chalk[colors[i]](val);","","        return val;","    });","","    console.log.apply(null, args);","};","","function width(str, count) {","    if (str.length < count) {","        str += new Array(count - str.length).join(' ');","    }","","    return str;","}",""],"l":{"1":1,"5":1,"6":0,"7":0,"8":0,"9":0,"11":0,"14":0,"17":1,"18":0,"19":0,"22":0}},"/home/travis/build/npmtest/node-npmtest-main-bower-files/node_modules/main-bower-files/tasks/main-bower-files.js":{"path":"/home/travis/build/npmtest/node-npmtest-main-bower-files/node_modules/main-bower-files/tasks/main-bower-files.js","s":{"1":1,"2":0,"3":0,"4":0,"5":0,"6":0,"7":0,"8":0,"9":0,"10":0,"11":0,"12":0},"b":{"1":[0,0],"2":[0,0]},"f":{"1":0,"2":0,"3":0,"4":0},"fnMap":{"1":{"name":"(anonymous_1)","line":3,"loc":{"start":{"line":3,"column":17},"end":{"line":3,"column":33}}},"2":{"name":"(anonymous_2)","line":7,"loc":{"start":{"line":7,"column":87},"end":{"line":7,"column":98}}},"3":{"name":"(anonymous_3)","line":12,"loc":{"start":{"line":12,"column":24},"end":{"line":12,"column":41}}},"4":{"name":"(anonymous_4)","line":18,"loc":{"start":{"line":18,"column":27},"end":{"line":18,"column":38}}}},"statementMap":{"1":{"start":{"line":3,"column":0},"end":{"line":23,"column":2}},"2":{"start":{"line":4,"column":4},"end":{"line":4,"column":39}},"3":{"start":{"line":5,"column":4},"end":{"line":5,"column":34}},"4":{"start":{"line":7,"column":4},"end":{"line":22,"column":7}},"5":{"start":{"line":8,"column":8},"end":{"line":8,"column":32}},"6":{"start":{"line":9,"column":8},"end":{"line":9,"column":43}},"7":{"start":{"line":10,"column":8},"end":{"line":10,"column":61}},"8":{"start":{"line":12,"column":8},"end":{"line":21,"column":11}},"9":{"start":{"line":13,"column":12},"end":{"line":13,"column":35}},"10":{"start":{"line":14,"column":12},"end":{"line":14,"column":35}},"11":{"start":{"line":16,"column":12},"end":{"line":20,"column":19}},"12":{"start":{"line":19,"column":20},"end":{"line":19,"column":27}}},"branchMap":{"1":{"line":9,"type":"binary-expr","locations":[{"start":{"line":9,"column":22},"end":{"line":9,"column":36}},{"start":{"line":9,"column":40},"end":{"line":9,"column":42}}]},"2":{"line":10,"type":"cond-expr","locations":[{"start":{"line":10,"column":36},"end":{"line":10,"column":47}},{"start":{"line":10,"column":50},"end":{"line":10,"column":60}}]}},"code":["'use strict';","","module.exports = function(grunt) {","    var mainBowerFiles = require('..');","    var vfs = require('vinyl-fs');","","    grunt.registerMultiTask('bower', 'Copy Bower packages to the destination folder.', function() {","        var done = this.async();","        var options = this.options() || {};","        var targets = (this.file) ? [this.file] : this.files;","","        targets.forEach(function(target) {","            var base = target.base;","            var dest = target.dest;","","            vfs.src(mainBowerFiles(options), {base: base})","                .pipe(vfs.dest(dest))","                .on('end', function() {","                    done();","                });","        });","    });","};",""],"l":{"3":1,"4":0,"5":0,"7":0,"8":0,"9":0,"10":0,"12":0,"13":0,"14":0,"16":0,"19":0}}}